#
# There is insufficient memory for the Java Runtime Environment to continue.
# Native memory allocation (malloc) failed to allocate 1906096 bytes for Chunk::new
# Possible reasons:
#   The system is out of physical RAM or swap space
#   The process is running with CompressedOops enabled, and the Java Heap may be blocking the growth of the native heap
# Possible solutions:
#   Reduce memory load on the system
#   Increase physical memory or swap space
#   Check if swap backing store is full
#   Decrease Java heap size (-Xmx/-Xms)
#   Decrease number of Java threads
#   Decrease Java thread stack sizes (-Xss)
#   Set larger code cache with -XX:ReservedCodeCacheSize=
#   JVM is running with Unscaled Compressed Oops mode in which the Java heap is
#     placed in the first 4GB address space. The Java Heap base address is the
#     maximum limit for the native heap growth. Please use -XX:HeapBaseMinAddress
#     to set the Java Heap base and to place the Java Heap above 4GB virtual address.
# This output file may be truncated or incomplete.
#
#  Out of Memory Error (./src/hotspot/share/memory/arena.cpp:197), pid=25076, tid=63528
#
# JRE version: OpenJDK Runtime Environment (11.0.12+7) (build 11.0.12+7-b1504.28-7817840)
# Java VM: OpenJDK 64-Bit Server VM (11.0.12+7-b1504.28-7817840, mixed mode, tiered, compressed oops, g1 gc, windows-amd64)
# No core dump will be written. Minidumps are not enabled by default on client versions of Windows
#

---------------  S U M M A R Y ------------

Command Line: --add-opens=java.base/java.util=ALL-UNNAMED --add-opens=java.base/java.lang=ALL-UNNAMED --add-opens=java.base/java.lang.invoke=ALL-UNNAMED --add-opens=java.base/java.util=ALL-UNNAMED --add-opens=java.prefs/java.util.prefs=ALL-UNNAMED --add-opens=java.prefs/java.util.prefs=ALL-UNNAMED --add-opens=java.base/java.nio.charset=ALL-UNNAMED --add-opens=java.base/java.net=ALL-UNNAMED --add-opens=java.base/java.util.concurrent.atomic=ALL-UNNAMED -Xmx2048m -Dfile.encoding=UTF-8 -Duser.country=US -Duser.language=en -Duser.variant org.gradle.launcher.daemon.bootstrap.GradleDaemon 7.3.3

Host: Intel(R) Core(TM) i7-8565U CPU @ 1.80GHz, 8 cores, 15G,  Windows 10 , 64 bit Build 18362 (10.0.18362.1110)
Time: Sat Jul  9 14:14:13 2022 Turkey Standard Time elapsed time: 426.731671 seconds (0d 0h 7m 6s)

---------------  T H R E A D  ---------------

Current thread (0x0000021f4c105000):  JavaThread "C2 CompilerThread0" daemon [_thread_in_native, id=63528, stack(0x0000002f8f700000,0x0000002f8f800000)]


Current CompileTask:
C2: 426731 16996       4       org.objectweb.asm.ClassReader::readCode (5109 bytes)

Stack: [0x0000002f8f700000,0x0000002f8f800000]
Native frames: (J=compiled Java code, j=interpreted, Vv=VM code, C=native code)
V  [jvm.dll+0x5fbcea]
V  [jvm.dll+0x731905]
V  [jvm.dll+0x732f1d]
V  [jvm.dll+0x7335d3]
V  [jvm.dll+0x247bf8]
V  [jvm.dll+0xc018c]
V  [jvm.dll+0xc06cc]
V  [jvm.dll+0x35b2db]
V  [jvm.dll+0x328803]
V  [jvm.dll+0x327cfa]
V  [jvm.dll+0x200602]
V  [jvm.dll+0x1ff794]
V  [jvm.dll+0x18868c]
V  [jvm.dll+0x20e0d7]
V  [jvm.dll+0x20c901]
V  [jvm.dll+0x6f9b7f]
V  [jvm.dll+0x6f26a5]
V  [jvm.dll+0x5fabf6]
C  [ucrtbase.dll+0x210b2]
C  [KERNEL32.DLL+0x17c24]
C  [ntdll.dll+0x6cea1]


---------------  P R O C E S S  ---------------

Threads class SMR info:
_java_thread_list=0x0000021f59ecebc0, length=125, elements={
0x0000021f2f3bb000, 0x0000021f4c09e800, 0x0000021f4c0a0000, 0x0000021f4c0fc800,
0x0000021f4c0fd800, 0x0000021f4c102000, 0x0000021f4c105000, 0x0000021f4c10a000,
0x0000021f4c10d000, 0x0000021f4c287000, 0x0000021f4ec19000, 0x0000021f4c356000,
0x0000021f4decb800, 0x0000021f4eebe800, 0x0000021f4eebc800, 0x0000021f4eebd000,
0x0000021f50891000, 0x0000021f50891800, 0x0000021f50892800, 0x0000021f50893800,
0x0000021f5088f800, 0x0000021f50894000, 0x0000021f50896000, 0x0000021f50890000,
0x0000021f50897800, 0x0000021f50898800, 0x0000021f5089a800, 0x0000021f50896800,
0x0000021f50942000, 0x0000021f50899000, 0x0000021f5089a000, 0x0000021f50895000,
0x0000021f5089b800, 0x0000021f5089e000, 0x0000021f5093d000, 0x0000021f5093e000,
0x0000021f5093a800, 0x0000021f50940000, 0x0000021f50941000, 0x0000021f5093b800,
0x0000021f5093f800, 0x0000021f50946000, 0x0000021f50947000, 0x0000021f50948800,
0x0000021f50945000, 0x0000021f50949000, 0x0000021f4eebe000, 0x0000021f51ff9000,
0x0000021f51ff7800, 0x0000021f51ffa000, 0x0000021f51ff4000, 0x0000021f51ff6800,
0x0000021f51ff8000, 0x0000021f51ffa800, 0x0000021f51ff5000, 0x0000021f51ffb800,
0x0000021f51ff6000, 0x0000021f52000800, 0x0000021f51fff800, 0x0000021f51fff000,
0x0000021f52001000, 0x0000021f52002000, 0x0000021f51ffd000, 0x0000021f51ffc800,
0x0000021f51ffe000, 0x0000021f52003000, 0x0000021f4cd1a000, 0x0000021f4cd1b000,
0x0000021f4cd15000, 0x0000021f4cd1b800, 0x0000021f4cd18800, 0x0000021f4cd16000,
0x0000021f4cd1c800, 0x0000021f4cd16800, 0x0000021f4cd1d800, 0x0000021f4cd17800,
0x0000021f4cd1e000, 0x0000021f4cd1f000, 0x0000021f4cd19000, 0x0000021f4cd24000,
0x0000021f4cd1f800, 0x0000021f4cd20800, 0x0000021f4cd21800, 0x0000021f4cd23000,
0x0000021f4cd22000, 0x0000021f51761000, 0x0000021f5175e800, 0x0000021f51762000,
0x0000021f51760000, 0x0000021f51762800, 0x0000021f51765000, 0x0000021f5175f800,
0x0000021f51768800, 0x0000021f51767800, 0x0000021f51763800, 0x0000021f5176a000,
0x0000021f51766000, 0x0000021f51767000, 0x0000021f51764800, 0x0000021f5176d800,
0x0000021f5176b000, 0x0000021f5176b800, 0x0000021f5176c800, 0x0000021f51769000,
0x0000021f4dff0800, 0x0000021f4dff1000, 0x0000021f4dff2000, 0x0000021f4dff4800,
0x0000021f4dff3000, 0x0000021f4dfee800, 0x0000021f4dff3800, 0x0000021f4dff5800,
0x0000021f4dfef800, 0x0000021f4dffa000, 0x0000021f4dff6000, 0x0000021f4dff7800,
0x0000021f4dff7000, 0x0000021f4dffc800, 0x0000021f4dffc000, 0x0000021f4dff8800,
0x0000021f4dffd800, 0x0000021f4dff9800, 0x0000021f51ea7000, 0x0000021f51ea2800,
0x0000021f51ea2000
}

Java Threads: ( => current thread )
  0x0000021f2f3bb000 JavaThread "main" [_thread_blocked, id=896, stack(0x0000002f8eb00000,0x0000002f8ec00000)]
  0x0000021f4c09e800 JavaThread "Reference Handler" daemon [_thread_blocked, id=63844, stack(0x0000002f8f200000,0x0000002f8f300000)]
  0x0000021f4c0a0000 JavaThread "Finalizer" daemon [_thread_blocked, id=35204, stack(0x0000002f8f300000,0x0000002f8f400000)]
  0x0000021f4c0fc800 JavaThread "Signal Dispatcher" daemon [_thread_blocked, id=37636, stack(0x0000002f8f400000,0x0000002f8f500000)]
  0x0000021f4c0fd800 JavaThread "Attach Listener" daemon [_thread_blocked, id=61412, stack(0x0000002f8f500000,0x0000002f8f600000)]
  0x0000021f4c102000 JavaThread "Service Thread" daemon [_thread_blocked, id=32216, stack(0x0000002f8f600000,0x0000002f8f700000)]
=>0x0000021f4c105000 JavaThread "C2 CompilerThread0" daemon [_thread_in_native, id=63528, stack(0x0000002f8f700000,0x0000002f8f800000)]
  0x0000021f4c10a000 JavaThread "C1 CompilerThread0" daemon [_thread_blocked, id=59000, stack(0x0000002f8f800000,0x0000002f8f900000)]
  0x0000021f4c10d000 JavaThread "Sweeper thread" daemon [_thread_blocked, id=60472, stack(0x0000002f8f900000,0x0000002f8fa00000)]
  0x0000021f4c287000 JavaThread "Common-Cleaner" daemon [_thread_blocked, id=63456, stack(0x0000002f8fb00000,0x0000002f8fc00000)]
  0x0000021f4ec19000 JavaThread "Daemon health stats" [_thread_blocked, id=19824, stack(0x0000002f90300000,0x0000002f90400000)]
  0x0000021f4c356000 JavaThread "Incoming local TCP Connector on port 57793" [_thread_in_native, id=66044, stack(0x0000002f8fc00000,0x0000002f8fd00000)]
  0x0000021f4decb800 JavaThread "Daemon periodic checks" [_thread_blocked, id=31624, stack(0x0000002f90400000,0x0000002f90500000)]
  0x0000021f4eebe800 JavaThread "Cache worker for journal cache (C:\Users\a84203565\.gradle\caches\journal-1)" [_thread_blocked, id=17320, stack(0x0000002f90c00000,0x0000002f90d00000)]
  0x0000021f4eebc800 JavaThread "File lock request listener" [_thread_in_native, id=31880, stack(0x0000002f90d00000,0x0000002f90e00000)]
  0x0000021f4eebd000 JavaThread "Cache worker for file hash cache (C:\Users\a84203565\.gradle\caches\7.3.3\fileHashes)" [_thread_blocked, id=61468, stack(0x0000002f91100000,0x0000002f91200000)]
  0x0000021f50891000 JavaThread "File watcher server" daemon [_thread_in_native, id=28868, stack(0x0000002f91300000,0x0000002f91400000)]
  0x0000021f50891800 JavaThread "File watcher consumer" daemon [_thread_blocked, id=27904, stack(0x0000002f91400000,0x0000002f91500000)]
  0x0000021f50892800 JavaThread "jar transforms" [_thread_blocked, id=16208, stack(0x0000002f91600000,0x0000002f91700000)]
  0x0000021f50893800 JavaThread "jar transforms Thread 2" [_thread_blocked, id=44492, stack(0x0000002f91700000,0x0000002f91800000)]
  0x0000021f5088f800 JavaThread "jar transforms Thread 3" [_thread_blocked, id=22520, stack(0x0000002f91800000,0x0000002f91900000)]
  0x0000021f50894000 JavaThread "jar transforms Thread 4" [_thread_blocked, id=43380, stack(0x0000002f91900000,0x0000002f91a00000)]
  0x0000021f50896000 JavaThread "jar transforms Thread 5" [_thread_blocked, id=30272, stack(0x0000002f91a00000,0x0000002f91b00000)]
  0x0000021f50890000 JavaThread "jar transforms Thread 6" [_thread_blocked, id=60988, stack(0x0000002f91b00000,0x0000002f91c00000)]
  0x0000021f50897800 JavaThread "jar transforms Thread 7" [_thread_blocked, id=34996, stack(0x0000002f91c00000,0x0000002f91d00000)]
  0x0000021f50898800 JavaThread "jar transforms Thread 8" [_thread_blocked, id=48192, stack(0x0000002f91d00000,0x0000002f91e00000)]
  0x0000021f5089a800 JavaThread "Cache worker for execution history cache (C:\Users\a84203565\.gradle\caches\7.3.3\executionHistory)" [_thread_blocked, id=40288, stack(0x0000002f92000000,0x0000002f92100000)]
  0x0000021f50896800 JavaThread "Cache worker for file content cache (C:\Users\a84203565\.gradle\caches\7.3.3\fileContent)" [_thread_blocked, id=27424, stack(0x0000002f92200000,0x0000002f92300000)]
  0x0000021f50942000 JavaThread "Memory manager" [_thread_blocked, id=38748, stack(0x0000002f97600000,0x0000002f97700000)]
  0x0000021f50899000 JavaThread "Daemon Thread 3" [_thread_blocked, id=22184, stack(0x0000002f8e800000,0x0000002f8e900000)]
  0x0000021f5089a000 JavaThread "Handler for socket connection from /127.0.0.1:57793 to /127.0.0.1:51638" [_thread_in_native, id=36300, stack(0x0000002f8e900000,0x0000002f8ea00000)]
  0x0000021f50895000 JavaThread "Cancel handler" [_thread_blocked, id=53816, stack(0x0000002f8ea00000,0x0000002f8eb00000)]
  0x0000021f5089b800 JavaThread "Daemon worker Thread 3" [_thread_in_native, id=35312, stack(0x0000002f90200000,0x0000002f90300000)]
  0x0000021f5089e000 JavaThread "Asynchronous log dispatcher for DefaultDaemonConnection: socket connection from /127.0.0.1:57793 to /127.0.0.1:51638" [_thread_blocked, id=54972, stack(0x0000002f90500000,0x0000002f90600000)]
  0x0000021f5093d000 JavaThread "Stdin handler" [_thread_blocked, id=1240, stack(0x0000002f90600000,0x0000002f90700000)]
  0x0000021f5093e000 JavaThread "Daemon client event forwarder" [_thread_blocked, id=17140, stack(0x0000002f90700000,0x0000002f90800000)]
  0x0000021f5093a800 JavaThread "Cache worker for file hash cache (C:\Users\a84203565\AndroidStudioProjects\StudyCasePagination\.gradle\7.3.3\fileHashes)" [_thread_blocked, id=41308, stack(0x0000002f90800000,0x0000002f90900000)]
  0x0000021f50940000 JavaThread "Cache worker for checksums cache (C:\Users\a84203565\AndroidStudioProjects\StudyCasePagination\.gradle\7.3.3\checksums)" [_thread_blocked, id=63112, stack(0x0000002f90900000,0x0000002f90a00000)]
  0x0000021f50941000 JavaThread "Cache worker for cache directory md-supplier (C:\Users\a84203565\.gradle\caches\7.3.3\md-supplier)" [_thread_blocked, id=39448, stack(0x0000002f90a00000,0x0000002f90b00000)]
  0x0000021f5093b800 JavaThread "Cache worker for cache directory md-rule (C:\Users\a84203565\.gradle\caches\7.3.3\md-rule)" [_thread_blocked, id=63088, stack(0x0000002f90b00000,0x0000002f90c00000)]
  0x0000021f5093f800 JavaThread "Cache worker for dependencies-accessors (C:\Users\a84203565\AndroidStudioProjects\StudyCasePagination\.gradle\7.3.3\dependencies-accessors)" [_thread_blocked, id=58408, stack(0x0000002f91500000,0x0000002f91600000)]
  0x0000021f50946000 JavaThread "Cache worker for Build Output Cleanup Cache (C:\Users\a84203565\AndroidStudioProjects\StudyCasePagination\.gradle\buildOutputCleanup)" [_thread_blocked, id=45616, stack(0x0000002f91e00000,0x0000002f91f00000)]
  0x0000021f50947000 JavaThread "Unconstrained build operations" [_thread_blocked, id=24164, stack(0x0000002f91200000,0x0000002f91300000)]
  0x0000021f50948800 JavaThread "Unconstrained build operations Thread 2" [_thread_blocked, id=34604, stack(0x0000002f91f00000,0x0000002f92000000)]
  0x0000021f50945000 JavaThread "Unconstrained build operations Thread 3" [_thread_blocked, id=14280, stack(0x0000002f92400000,0x0000002f92500000)]
  0x0000021f50949000 JavaThread "Unconstrained build operations Thread 4" [_thread_blocked, id=2012, stack(0x0000002f92500000,0x0000002f92600000)]
  0x0000021f4eebe000 JavaThread "Unconstrained build operations Thread 5" [_thread_blocked, id=31972, stack(0x0000002f92600000,0x0000002f92700000)]
  0x0000021f51ff9000 JavaThread "Unconstrained build operations Thread 6" [_thread_blocked, id=39664, stack(0x0000002f92700000,0x0000002f92800000)]
  0x0000021f51ff7800 JavaThread "Unconstrained build operations Thread 7" [_thread_blocked, id=45480, stack(0x0000002f92800000,0x0000002f92900000)]
  0x0000021f51ffa000 JavaThread "Unconstrained build operations Thread 8" [_thread_blocked, id=51404, stack(0x0000002f92900000,0x0000002f92a00000)]
  0x0000021f51ff4000 JavaThread "Unconstrained build operations Thread 9" [_thread_blocked, id=34300, stack(0x0000002f92a00000,0x0000002f92b00000)]
  0x0000021f51ff6800 JavaThread "Unconstrained build operations Thread 10" [_thread_blocked, id=36636, stack(0x0000002f92b00000,0x0000002f92c00000)]
  0x0000021f51ff8000 JavaThread "Unconstrained build operations Thread 11" [_thread_blocked, id=33432, stack(0x0000002f92c00000,0x0000002f92d00000)]
  0x0000021f51ffa800 JavaThread "Unconstrained build operations Thread 12" [_thread_blocked, id=26348, stack(0x0000002f92d00000,0x0000002f92e00000)]
  0x0000021f51ff5000 JavaThread "Unconstrained build operations Thread 13" [_thread_blocked, id=24948, stack(0x0000002f92e00000,0x0000002f92f00000)]
  0x0000021f51ffb800 JavaThread "Unconstrained build operations Thread 14" [_thread_blocked, id=28540, stack(0x0000002f92f00000,0x0000002f93000000)]
  0x0000021f51ff6000 JavaThread "Unconstrained build operations Thread 15" [_thread_blocked, id=58172, stack(0x0000002f93000000,0x0000002f93100000)]
  0x0000021f52000800 JavaThread "Unconstrained build operations Thread 16" [_thread_blocked, id=46776, stack(0x0000002f93100000,0x0000002f93200000)]
  0x0000021f51fff800 JavaThread "Unconstrained build operations Thread 17" [_thread_blocked, id=65904, stack(0x0000002f93200000,0x0000002f93300000)]
  0x0000021f51fff000 JavaThread "Unconstrained build operations Thread 18" [_thread_blocked, id=30764, stack(0x0000002f93300000,0x0000002f93400000)]
  0x0000021f52001000 JavaThread "Unconstrained build operations Thread 19" [_thread_blocked, id=50128, stack(0x0000002f93400000,0x0000002f93500000)]
  0x0000021f52002000 JavaThread "Unconstrained build operations Thread 20" [_thread_blocked, id=55876, stack(0x0000002f93500000,0x0000002f93600000)]
  0x0000021f51ffd000 JavaThread "Unconstrained build operations Thread 21" [_thread_blocked, id=33492, stack(0x0000002f93600000,0x0000002f93700000)]
  0x0000021f51ffc800 JavaThread "Unconstrained build operations Thread 22" [_thread_blocked, id=32288, stack(0x0000002f93700000,0x0000002f93800000)]
  0x0000021f51ffe000 JavaThread "Unconstrained build operations Thread 23" [_thread_blocked, id=31720, stack(0x0000002f93800000,0x0000002f93900000)]
  0x0000021f52003000 JavaThread "Unconstrained build operations Thread 24" [_thread_blocked, id=29952, stack(0x0000002f93900000,0x0000002f93a00000)]
  0x0000021f4cd1a000 JavaThread "Unconstrained build operations Thread 25" [_thread_blocked, id=32708, stack(0x0000002f93a00000,0x0000002f93b00000)]
  0x0000021f4cd1b000 JavaThread "Unconstrained build operations Thread 26" [_thread_blocked, id=52832, stack(0x0000002f93b00000,0x0000002f93c00000)]
  0x0000021f4cd15000 JavaThread "Unconstrained build operations Thread 27" [_thread_blocked, id=58324, stack(0x0000002f93c00000,0x0000002f93d00000)]
  0x0000021f4cd1b800 JavaThread "Unconstrained build operations Thread 28" [_thread_blocked, id=40344, stack(0x0000002f93d00000,0x0000002f93e00000)]
  0x0000021f4cd18800 JavaThread "Unconstrained build operations Thread 29" [_thread_blocked, id=12724, stack(0x0000002f93e00000,0x0000002f93f00000)]
  0x0000021f4cd16000 JavaThread "Unconstrained build operations Thread 30" [_thread_blocked, id=54948, stack(0x0000002f93f00000,0x0000002f94000000)]
  0x0000021f4cd1c800 JavaThread "Unconstrained build operations Thread 31" [_thread_blocked, id=47264, stack(0x0000002f94000000,0x0000002f94100000)]
  0x0000021f4cd16800 JavaThread "Unconstrained build operations Thread 32" [_thread_blocked, id=62460, stack(0x0000002f94100000,0x0000002f94200000)]
  0x0000021f4cd1d800 JavaThread "Unconstrained build operations Thread 33" [_thread_blocked, id=46980, stack(0x0000002f94200000,0x0000002f94300000)]
  0x0000021f4cd17800 JavaThread "Unconstrained build operations Thread 34" [_thread_blocked, id=60808, stack(0x0000002f94300000,0x0000002f94400000)]
  0x0000021f4cd1e000 JavaThread "Unconstrained build operations Thread 35" [_thread_blocked, id=13676, stack(0x0000002f94400000,0x0000002f94500000)]
  0x0000021f4cd1f000 JavaThread "Unconstrained build operations Thread 36" [_thread_blocked, id=7684, stack(0x0000002f94500000,0x0000002f94600000)]
  0x0000021f4cd19000 JavaThread "Unconstrained build operations Thread 37" [_thread_blocked, id=63756, stack(0x0000002f94600000,0x0000002f94700000)]
  0x0000021f4cd24000 JavaThread "Unconstrained build operations Thread 38" [_thread_blocked, id=62604, stack(0x0000002f94700000,0x0000002f94800000)]
  0x0000021f4cd1f800 JavaThread "Unconstrained build operations Thread 39" [_thread_blocked, id=62228, stack(0x0000002f94800000,0x0000002f94900000)]
  0x0000021f4cd20800 JavaThread "Unconstrained build operations Thread 40" [_thread_blocked, id=49488, stack(0x0000002f94900000,0x0000002f94a00000)]
  0x0000021f4cd21800 JavaThread "Unconstrained build operations Thread 41" [_thread_blocked, id=46620, stack(0x0000002f94a00000,0x0000002f94b00000)]
  0x0000021f4cd23000 JavaThread "Unconstrained build operations Thread 42" [_thread_blocked, id=66228, stack(0x0000002f94b00000,0x0000002f94c00000)]
  0x0000021f4cd22000 JavaThread "Unconstrained build operations Thread 43" [_thread_blocked, id=16568, stack(0x0000002f94c00000,0x0000002f94d00000)]
  0x0000021f51761000 JavaThread "Unconstrained build operations Thread 44" [_thread_blocked, id=23192, stack(0x0000002f94d00000,0x0000002f94e00000)]
  0x0000021f5175e800 JavaThread "Unconstrained build operations Thread 45" [_thread_blocked, id=21352, stack(0x0000002f94e00000,0x0000002f94f00000)]
  0x0000021f51762000 JavaThread "Unconstrained build operations Thread 46" [_thread_blocked, id=44608, stack(0x0000002f94f00000,0x0000002f95000000)]
  0x0000021f51760000 JavaThread "Unconstrained build operations Thread 47" [_thread_blocked, id=34024, stack(0x0000002f95000000,0x0000002f95100000)]
  0x0000021f51762800 JavaThread "Unconstrained build operations Thread 48" [_thread_blocked, id=41644, stack(0x0000002f95100000,0x0000002f95200000)]
  0x0000021f51765000 JavaThread "Unconstrained build operations Thread 49" [_thread_blocked, id=44708, stack(0x0000002f95200000,0x0000002f95300000)]
  0x0000021f5175f800 JavaThread "Unconstrained build operations Thread 50" [_thread_blocked, id=17508, stack(0x0000002f95300000,0x0000002f95400000)]
  0x0000021f51768800 JavaThread "Unconstrained build operations Thread 51" [_thread_blocked, id=26640, stack(0x0000002f95400000,0x0000002f95500000)]
  0x0000021f51767800 JavaThread "Unconstrained build operations Thread 52" [_thread_blocked, id=24160, stack(0x0000002f95500000,0x0000002f95600000)]
  0x0000021f51763800 JavaThread "Unconstrained build operations Thread 53" [_thread_blocked, id=49572, stack(0x0000002f95600000,0x0000002f95700000)]
  0x0000021f5176a000 JavaThread "Unconstrained build operations Thread 54" [_thread_blocked, id=39616, stack(0x0000002f95700000,0x0000002f95800000)]
  0x0000021f51766000 JavaThread "Unconstrained build operations Thread 55" [_thread_blocked, id=16856, stack(0x0000002f95800000,0x0000002f95900000)]
  0x0000021f51767000 JavaThread "Unconstrained build operations Thread 56" [_thread_blocked, id=63600, stack(0x0000002f95900000,0x0000002f95a00000)]
  0x0000021f51764800 JavaThread "Unconstrained build operations Thread 57" [_thread_blocked, id=56928, stack(0x0000002f95a00000,0x0000002f95b00000)]
  0x0000021f5176d800 JavaThread "Unconstrained build operations Thread 58" [_thread_blocked, id=31728, stack(0x0000002f95b00000,0x0000002f95c00000)]
  0x0000021f5176b000 JavaThread "Unconstrained build operations Thread 59" [_thread_blocked, id=27320, stack(0x0000002f95c00000,0x0000002f95d00000)]
  0x0000021f5176b800 JavaThread "Unconstrained build operations Thread 60" [_thread_blocked, id=58300, stack(0x0000002f95d00000,0x0000002f95e00000)]
  0x0000021f5176c800 JavaThread "Unconstrained build operations Thread 61" [_thread_blocked, id=51264, stack(0x0000002f95e00000,0x0000002f95f00000)]
  0x0000021f51769000 JavaThread "Unconstrained build operations Thread 62" [_thread_blocked, id=56912, stack(0x0000002f95f00000,0x0000002f96000000)]
  0x0000021f4dff0800 JavaThread "Unconstrained build operations Thread 63" [_thread_blocked, id=42964, stack(0x0000002f96000000,0x0000002f96100000)]
  0x0000021f4dff1000 JavaThread "Unconstrained build operations Thread 64" [_thread_blocked, id=61444, stack(0x0000002f96100000,0x0000002f96200000)]
  0x0000021f4dff2000 JavaThread "Unconstrained build operations Thread 65" [_thread_blocked, id=65988, stack(0x0000002f96200000,0x0000002f96300000)]
  0x0000021f4dff4800 JavaThread "Unconstrained build operations Thread 66" [_thread_blocked, id=36248, stack(0x0000002f96300000,0x0000002f96400000)]
  0x0000021f4dff3000 JavaThread "Unconstrained build operations Thread 67" [_thread_blocked, id=40512, stack(0x0000002f96400000,0x0000002f96500000)]
  0x0000021f4dfee800 JavaThread "Unconstrained build operations Thread 68" [_thread_blocked, id=24660, stack(0x0000002f96500000,0x0000002f96600000)]
  0x0000021f4dff3800 JavaThread "Unconstrained build operations Thread 69" [_thread_blocked, id=63928, stack(0x0000002f96600000,0x0000002f96700000)]
  0x0000021f4dff5800 JavaThread "Unconstrained build operations Thread 70" [_thread_blocked, id=45088, stack(0x0000002f96700000,0x0000002f96800000)]
  0x0000021f4dfef800 JavaThread "Unconstrained build operations Thread 71" [_thread_blocked, id=59088, stack(0x0000002f96800000,0x0000002f96900000)]
  0x0000021f4dffa000 JavaThread "Unconstrained build operations Thread 72" [_thread_blocked, id=32484, stack(0x0000002f96900000,0x0000002f96a00000)]
  0x0000021f4dff6000 JavaThread "Unconstrained build operations Thread 73" [_thread_blocked, id=35564, stack(0x0000002f96a00000,0x0000002f96b00000)]
  0x0000021f4dff7800 JavaThread "Unconstrained build operations Thread 74" [_thread_blocked, id=55908, stack(0x0000002f96b00000,0x0000002f96c00000)]
  0x0000021f4dff7000 JavaThread "Unconstrained build operations Thread 75" [_thread_blocked, id=23652, stack(0x0000002f96c00000,0x0000002f96d00000)]
  0x0000021f4dffc800 JavaThread "Unconstrained build operations Thread 76" [_thread_blocked, id=55660, stack(0x0000002f96d00000,0x0000002f96e00000)]
  0x0000021f4dffc000 JavaThread "Unconstrained build operations Thread 77" [_thread_blocked, id=50528, stack(0x0000002f96e00000,0x0000002f96f00000)]
  0x0000021f4dff8800 JavaThread "Unconstrained build operations Thread 78" [_thread_blocked, id=51408, stack(0x0000002f96f00000,0x0000002f97000000)]
  0x0000021f4dffd800 JavaThread "Unconstrained build operations Thread 79" [_thread_blocked, id=46328, stack(0x0000002f97000000,0x0000002f97100000)]
  0x0000021f4dff9800 JavaThread "Unconstrained build operations Thread 80" [_thread_blocked, id=45424, stack(0x0000002f97100000,0x0000002f97200000)]
  0x0000021f51ea7000 JavaThread "Cache worker for execution history cache (C:\Users\a84203565\AndroidStudioProjects\StudyCasePagination\.gradle\7.3.3\executionHistory)" [_thread_blocked, id=62944, stack(0x0000002f97b00000,0x0000002f97c00000)]
  0x0000021f51ea2800 JavaThread "C2 CompilerThread1" daemon [_thread_in_native, id=42496, stack(0x0000002f92300000,0x0000002f92400000)]
  0x0000021f51ea2000 JavaThread "C2 CompilerThread2" daemon [_thread_in_native, id=49548, stack(0x0000002f97200000,0x0000002f97300000)]

Other Threads:
  0x0000021f4c099800 VMThread "VM Thread" [stack: 0x0000002f8f100000,0x0000002f8f200000] [id=58648]
  0x0000021f4c1e4800 WatcherThread [stack: 0x0000002f8fa00000,0x0000002f8fb00000] [id=62388]
  0x0000021f2f3d3800 GCTaskThread "GC Thread#0" [stack: 0x0000002f8ec00000,0x0000002f8ed00000] [id=58196]
  0x0000021f4d22e800 GCTaskThread "GC Thread#1" [stack: 0x0000002f8fd00000,0x0000002f8fe00000] [id=29152]
  0x0000021f4d25c800 GCTaskThread "GC Thread#2" [stack: 0x0000002f8fe00000,0x0000002f8ff00000] [id=37080]
  0x0000021f4d215000 GCTaskThread "GC Thread#3" [stack: 0x0000002f8ff00000,0x0000002f90000000] [id=38316]
  0x0000021f4d216000 GCTaskThread "GC Thread#4" [stack: 0x0000002f90000000,0x0000002f90100000] [id=60892]
  0x0000021f4d2a0000 GCTaskThread "GC Thread#5" [stack: 0x0000002f90100000,0x0000002f90200000] [id=27572]
  0x0000021f4ea3e000 GCTaskThread "GC Thread#6" [stack: 0x0000002f90e00000,0x0000002f90f00000] [id=22536]
  0x0000021f4e6da000 GCTaskThread "GC Thread#7" [stack: 0x0000002f90f00000,0x0000002f91000000] [id=59528]
  0x0000021f2f404000 ConcurrentGCThread "G1 Main Marker" [stack: 0x0000002f8ed00000,0x0000002f8ee00000] [id=8600]
  0x0000021f2f405800 ConcurrentGCThread "G1 Conc#0" [stack: 0x0000002f8ee00000,0x0000002f8ef00000] [id=34652]
  0x0000021f4ea8b000 ConcurrentGCThread "G1 Conc#1" [stack: 0x0000002f91000000,0x0000002f91100000] [id=9844]
  0x0000021f2f47e000 ConcurrentGCThread "G1 Refine#0" [stack: 0x0000002f8ef00000,0x0000002f8f000000] [id=31968]
  0x0000021f5300c000 ConcurrentGCThread "G1 Refine#1" [stack: 0x0000002f97500000,0x0000002f97600000] [id=8268]
  0x0000021f4b6e2800 ConcurrentGCThread "G1 Young RemSet Sampling" [stack: 0x0000002f8f000000,0x0000002f8f100000] [id=24432]

Threads with active compile tasks:
C2 CompilerThread0 426780 16996       4       org.objectweb.asm.ClassReader::readCode (5109 bytes)
C2 CompilerThread1 426780 16942       4       org.objectweb.asm.Frame::execute (2318 bytes)
C2 CompilerThread2 426780 17083       4       org.objectweb.asm.MethodWriter::visitInsn (115 bytes)

VM state:not at safepoint (normal execution)

VM Mutex/Monitor currently owned by a thread: None

Heap address: 0x0000000080000000, size: 2048 MB, Compressed Oops mode: 32-bit
Narrow klass base: 0x0000000000000000, Narrow klass shift: 3
Compressed class space size: 1073741824 Address: 0x0000000100000000

Heap:
 garbage-first heap   total 260096K, used 198795K [0x0000000080000000, 0x0000000100000000)
  region size 1024K, 39 young (39936K), 7 survivors (7168K)
 Metaspace       used 147717K, capacity 151072K, committed 151288K, reserved 1179648K
  class space    used 19165K, capacity 20376K, committed 20504K, reserved 1048576K
Heap Regions: E=young(eden), S=young(survivor), O=old, HS=humongous(starts), HC=humongous(continues), CS=collection set, F=free, A=archive, TAMS=top-at-mark-start (previous, next)
|   0|0x0000000080000000, 0x0000000080100000, 0x0000000080100000|100%| O|  |TAMS 0x0000000080100000, 0x0000000080000000| Untracked 
|   1|0x0000000080100000, 0x0000000080200000, 0x0000000080200000|100%| O|  |TAMS 0x0000000080200000, 0x0000000080100000| Untracked 
|   2|0x0000000080200000, 0x0000000080300000, 0x0000000080300000|100%| O|  |TAMS 0x0000000080300000, 0x0000000080200000| Untracked 
|   3|0x0000000080300000, 0x0000000080400000, 0x0000000080400000|100%|HS|  |TAMS 0x0000000080400000, 0x0000000080300000| Complete 
|   4|0x0000000080400000, 0x0000000080500000, 0x0000000080500000|100%|HC|  |TAMS 0x0000000080500000, 0x0000000080400000| Complete 
|   5|0x0000000080500000, 0x0000000080600000, 0x0000000080600000|100%|HC|  |TAMS 0x0000000080600000, 0x0000000080500000| Complete 
|   6|0x0000000080600000, 0x0000000080700000, 0x0000000080700000|100%| O|  |TAMS 0x0000000080700000, 0x0000000080600000| Untracked 
|   7|0x0000000080700000, 0x0000000080800000, 0x0000000080800000|100%| O|  |TAMS 0x0000000080800000, 0x0000000080700000| Complete 
|   8|0x0000000080800000, 0x0000000080900000, 0x0000000080900000|100%| O|  |TAMS 0x0000000080900000, 0x0000000080800000| Untracked 
|   9|0x0000000080900000, 0x0000000080a00000, 0x0000000080a00000|100%| O|  |TAMS 0x0000000080a00000, 0x0000000080900000| Untracked 
|  10|0x0000000080a00000, 0x0000000080b00000, 0x0000000080b00000|100%| O|  |TAMS 0x0000000080b00000, 0x0000000080a00000| Untracked 
|  11|0x0000000080b00000, 0x0000000080c00000, 0x0000000080c00000|100%| O|  |TAMS 0x0000000080c00000, 0x0000000080b00000| Untracked 
|  12|0x0000000080c00000, 0x0000000080d00000, 0x0000000080d00000|100%| O|  |TAMS 0x0000000080d00000, 0x0000000080c00000| Untracked 
|  13|0x0000000080d00000, 0x0000000080e00000, 0x0000000080e00000|100%| O|  |TAMS 0x0000000080e00000, 0x0000000080d00000| Untracked 
|  14|0x0000000080e00000, 0x0000000080f00000, 0x0000000080f00000|100%| O|  |TAMS 0x0000000080f00000, 0x0000000080e00000| Untracked 
|  15|0x0000000080f00000, 0x0000000081000000, 0x0000000081000000|100%| O|  |TAMS 0x0000000081000000, 0x0000000080f00000| Untracked 
|  16|0x0000000081000000, 0x0000000081100000, 0x0000000081100000|100%| O|  |TAMS 0x0000000081100000, 0x0000000081000000| Untracked 
|  17|0x0000000081100000, 0x0000000081200000, 0x0000000081200000|100%|HS|  |TAMS 0x0000000081200000, 0x0000000081100000| Complete 
|  18|0x0000000081200000, 0x0000000081300000, 0x0000000081300000|100%|HC|  |TAMS 0x0000000081300000, 0x0000000081200000| Complete 
|  19|0x0000000081300000, 0x0000000081400000, 0x0000000081400000|100%|HS|  |TAMS 0x0000000081400000, 0x0000000081300000| Complete 
|  20|0x0000000081400000, 0x0000000081500000, 0x0000000081500000|100%|HC|  |TAMS 0x0000000081500000, 0x0000000081400000| Complete 
|  21|0x0000000081500000, 0x0000000081600000, 0x0000000081600000|100%|HC|  |TAMS 0x0000000081600000, 0x0000000081500000| Complete 
|  22|0x0000000081600000, 0x0000000081700000, 0x0000000081700000|100%|HS|  |TAMS 0x0000000081700000, 0x0000000081600000| Complete 
|  23|0x0000000081700000, 0x0000000081800000, 0x0000000081800000|100%|HS|  |TAMS 0x0000000081800000, 0x0000000081700000| Complete 
|  24|0x0000000081800000, 0x0000000081900000, 0x0000000081900000|100%|HC|  |TAMS 0x0000000081900000, 0x0000000081800000| Complete 
|  25|0x0000000081900000, 0x0000000081a00000, 0x0000000081a00000|100%|HC|  |TAMS 0x0000000081a00000, 0x0000000081900000| Complete 
|  26|0x0000000081a00000, 0x0000000081b00000, 0x0000000081b00000|100%|HC|  |TAMS 0x0000000081b00000, 0x0000000081a00000| Complete 
|  27|0x0000000081b00000, 0x0000000081c00000, 0x0000000081c00000|100%|HS|  |TAMS 0x0000000081c00000, 0x0000000081b00000| Complete 
|  28|0x0000000081c00000, 0x0000000081d00000, 0x0000000081d00000|100%| O|  |TAMS 0x0000000081d00000, 0x0000000081c00000| Untracked 
|  29|0x0000000081d00000, 0x0000000081e00000, 0x0000000081e00000|100%| O|  |TAMS 0x0000000081e00000, 0x0000000081d00000| Untracked 
|  30|0x0000000081e00000, 0x0000000081f00000, 0x0000000081f00000|100%|HS|  |TAMS 0x0000000081f00000, 0x0000000081e00000| Complete 
|  31|0x0000000081f00000, 0x0000000082000000, 0x0000000082000000|100%|HS|  |TAMS 0x0000000082000000, 0x0000000081f00000| Complete 
|  32|0x0000000082000000, 0x0000000082100000, 0x0000000082100000|100%|HC|  |TAMS 0x0000000082100000, 0x0000000082000000| Complete 
|  33|0x0000000082100000, 0x0000000082200000, 0x0000000082200000|100%|HC|  |TAMS 0x0000000082200000, 0x0000000082100000| Complete 
|  34|0x0000000082200000, 0x0000000082300000, 0x0000000082300000|100%| O|  |TAMS 0x0000000082300000, 0x0000000082200000| Untracked 
|  35|0x0000000082300000, 0x0000000082400000, 0x0000000082400000|100%| O|  |TAMS 0x0000000082400000, 0x0000000082300000| Complete 
|  36|0x0000000082400000, 0x0000000082500000, 0x0000000082500000|100%| O|  |TAMS 0x0000000082500000, 0x0000000082400000| Untracked 
|  37|0x0000000082500000, 0x0000000082600000, 0x0000000082600000|100%| O|  |TAMS 0x0000000082600000, 0x0000000082500000| Untracked 
|  38|0x0000000082600000, 0x0000000082700000, 0x0000000082700000|100%| O|  |TAMS 0x0000000082700000, 0x0000000082600000| Untracked 
|  39|0x0000000082700000, 0x0000000082800000, 0x0000000082800000|100%| O|  |TAMS 0x0000000082800000, 0x0000000082700000| Untracked 
|  40|0x0000000082800000, 0x0000000082900000, 0x0000000082900000|100%| O|  |TAMS 0x0000000082900000, 0x0000000082800000| Untracked 
|  41|0x0000000082900000, 0x0000000082a00000, 0x0000000082a00000|100%| O|  |TAMS 0x0000000082a00000, 0x0000000082900000| Complete 
|  42|0x0000000082a00000, 0x0000000082b00000, 0x0000000082b00000|100%| O|  |TAMS 0x0000000082b00000, 0x0000000082a00000| Untracked 
|  43|0x0000000082b00000, 0x0000000082c00000, 0x0000000082c00000|100%|HS|  |TAMS 0x0000000082c00000, 0x0000000082b00000| Complete 
|  44|0x0000000082c00000, 0x0000000082d00000, 0x0000000082d00000|100%|HC|  |TAMS 0x0000000082d00000, 0x0000000082c00000| Complete 
|  45|0x0000000082d00000, 0x0000000082e00000, 0x0000000082e00000|100%|HC|  |TAMS 0x0000000082e00000, 0x0000000082d00000| Complete 
|  46|0x0000000082e00000, 0x0000000082f00000, 0x0000000082f00000|100%|HC|  |TAMS 0x0000000082f00000, 0x0000000082e00000| Complete 
|  47|0x0000000082f00000, 0x0000000083000000, 0x0000000083000000|100%| O|  |TAMS 0x0000000083000000, 0x0000000082f00000| Untracked 
|  48|0x0000000083000000, 0x0000000083100000, 0x0000000083100000|100%| O|  |TAMS 0x0000000083100000, 0x0000000083000000| Untracked 
|  49|0x0000000083100000, 0x0000000083200000, 0x0000000083200000|100%| O|  |TAMS 0x0000000083200000, 0x0000000083100000| Untracked 
|  50|0x0000000083200000, 0x0000000083300000, 0x0000000083300000|100%| O|  |TAMS 0x0000000083300000, 0x0000000083200000| Untracked 
|  51|0x0000000083300000, 0x0000000083400000, 0x0000000083400000|100%| O|  |TAMS 0x0000000083400000, 0x0000000083300000| Untracked 
|  52|0x0000000083400000, 0x0000000083422e00, 0x0000000083500000| 13%| O|  |TAMS 0x0000000083422e00, 0x0000000083400000| Untracked 
|  53|0x0000000083500000, 0x0000000083600000, 0x0000000083600000|100%|HS|  |TAMS 0x0000000083600000, 0x0000000083500000| Complete 
|  54|0x0000000083600000, 0x0000000083700000, 0x0000000083700000|100%|HS|  |TAMS 0x0000000083700000, 0x0000000083600000| Complete 
|  55|0x0000000083700000, 0x0000000083800000, 0x0000000083800000|100%|HS|  |TAMS 0x0000000083800000, 0x0000000083700000| Complete 
|  56|0x0000000083800000, 0x0000000083900000, 0x0000000083900000|100%|HC|  |TAMS 0x0000000083900000, 0x0000000083800000| Complete 
|  57|0x0000000083900000, 0x0000000083a00000, 0x0000000083a00000|100%|HC|  |TAMS 0x0000000083a00000, 0x0000000083900000| Complete 
|  58|0x0000000083a00000, 0x0000000083b00000, 0x0000000083b00000|100%|HS|  |TAMS 0x0000000083b00000, 0x0000000083a00000| Complete 
|  59|0x0000000083b00000, 0x0000000083c00000, 0x0000000083c00000|100%|HC|  |TAMS 0x0000000083c00000, 0x0000000083b00000| Complete 
|  60|0x0000000083c00000, 0x0000000083d00000, 0x0000000083d00000|100%| O|  |TAMS 0x0000000083d00000, 0x0000000083c00000| Untracked 
|  61|0x0000000083d00000, 0x0000000083e00000, 0x0000000083e00000|100%| O|  |TAMS 0x0000000083e00000, 0x0000000083d00000| Complete 
|  62|0x0000000083e00000, 0x0000000083f00000, 0x0000000083f00000|100%| O|  |TAMS 0x0000000083f00000, 0x0000000083e00000| Untracked 
|  63|0x0000000083f00000, 0x0000000084000000, 0x0000000084000000|100%| O|  |TAMS 0x0000000084000000, 0x0000000083f00000| Untracked 
|  64|0x0000000084000000, 0x0000000084100000, 0x0000000084100000|100%| O|  |TAMS 0x0000000084100000, 0x0000000084000000| Untracked 
|  65|0x0000000084100000, 0x0000000084200000, 0x0000000084200000|100%| O|  |TAMS 0x0000000084200000, 0x0000000084100000| Untracked 
|  66|0x0000000084200000, 0x0000000084300000, 0x0000000084300000|100%| O|  |TAMS 0x0000000084300000, 0x0000000084200000| Untracked 
|  67|0x0000000084300000, 0x0000000084400000, 0x0000000084400000|100%| O|  |TAMS 0x0000000084400000, 0x0000000084300000| Complete 
|  68|0x0000000084400000, 0x0000000084500000, 0x0000000084500000|100%| O|  |TAMS 0x0000000084500000, 0x0000000084400000| Untracked 
|  69|0x0000000084500000, 0x0000000084600000, 0x0000000084600000|100%| O|  |TAMS 0x0000000084600000, 0x0000000084500000| Untracked 
|  70|0x0000000084600000, 0x0000000084700000, 0x0000000084700000|100%| O|  |TAMS 0x0000000084700000, 0x0000000084600000| Untracked 
|  71|0x0000000084700000, 0x0000000084800000, 0x0000000084800000|100%| O|  |TAMS 0x0000000084800000, 0x0000000084700000| Untracked 
|  72|0x0000000084800000, 0x0000000084900000, 0x0000000084900000|100%| O|  |TAMS 0x0000000084900000, 0x0000000084800000| Untracked 
|  73|0x0000000084900000, 0x0000000084a00000, 0x0000000084a00000|100%| O|  |TAMS 0x0000000084a00000, 0x0000000084900000| Untracked 
|  74|0x0000000084a00000, 0x0000000084b00000, 0x0000000084b00000|100%| O|  |TAMS 0x0000000084b00000, 0x0000000084a00000| Untracked 
|  75|0x0000000084b00000, 0x0000000084c00000, 0x0000000084c00000|100%| O|  |TAMS 0x0000000084c00000, 0x0000000084b00000| Untracked 
|  76|0x0000000084c00000, 0x0000000084d00000, 0x0000000084d00000|100%| O|  |TAMS 0x0000000084d00000, 0x0000000084c00000| Untracked 
|  77|0x0000000084d00000, 0x0000000084e00000, 0x0000000084e00000|100%| O|  |TAMS 0x0000000084e00000, 0x0000000084d00000| Untracked 
|  78|0x0000000084e00000, 0x0000000084f00000, 0x0000000084f00000|100%| O|  |TAMS 0x0000000084f00000, 0x0000000084e00000| Complete 
|  79|0x0000000084f00000, 0x0000000085000000, 0x0000000085000000|100%|HS|  |TAMS 0x0000000085000000, 0x0000000084f00000| Complete 
|  80|0x0000000085000000, 0x0000000085100000, 0x0000000085100000|100%|HC|  |TAMS 0x0000000085100000, 0x0000000085000000| Complete 
|  81|0x0000000085100000, 0x0000000085200000, 0x0000000085200000|100%|HS|  |TAMS 0x0000000085200000, 0x0000000085100000| Complete 
|  82|0x0000000085200000, 0x0000000085300000, 0x0000000085300000|100%|HC|  |TAMS 0x0000000085300000, 0x0000000085200000| Complete 
|  83|0x0000000085300000, 0x0000000085400000, 0x0000000085400000|100%|HC|  |TAMS 0x0000000085400000, 0x0000000085300000| Complete 
|  84|0x0000000085400000, 0x0000000085500000, 0x0000000085500000|100%|HS|  |TAMS 0x0000000085500000, 0x0000000085400000| Complete 
|  85|0x0000000085500000, 0x0000000085600000, 0x0000000085600000|100%|HS|  |TAMS 0x0000000085600000, 0x0000000085500000| Complete 
|  86|0x0000000085600000, 0x0000000085700000, 0x0000000085700000|100%|HC|  |TAMS 0x0000000085700000, 0x0000000085600000| Complete 
|  87|0x0000000085700000, 0x0000000085800000, 0x0000000085800000|100%|HC|  |TAMS 0x0000000085800000, 0x0000000085700000| Complete 
|  88|0x0000000085800000, 0x0000000085900000, 0x0000000085900000|100%|HC|  |TAMS 0x0000000085900000, 0x0000000085800000| Complete 
|  89|0x0000000085900000, 0x0000000085a00000, 0x0000000085a00000|100%| O|  |TAMS 0x0000000085a00000, 0x0000000085900000| Untracked 
|  90|0x0000000085a00000, 0x0000000085b00000, 0x0000000085b00000|100%| O|  |TAMS 0x0000000085b00000, 0x0000000085a00000| Untracked 
|  91|0x0000000085b00000, 0x0000000085c00000, 0x0000000085c00000|100%| O|  |TAMS 0x0000000085c00000, 0x0000000085b00000| Untracked 
|  92|0x0000000085c00000, 0x0000000085d00000, 0x0000000085d00000|100%| O|  |TAMS 0x0000000085d00000, 0x0000000085c00000| Untracked 
|  93|0x0000000085d00000, 0x0000000085e00000, 0x0000000085e00000|100%| O|  |TAMS 0x0000000085e00000, 0x0000000085d00000| Untracked 
|  94|0x0000000085e00000, 0x0000000085f00000, 0x0000000085f00000|100%| O|  |TAMS 0x0000000085f00000, 0x0000000085e00000| Untracked 
|  95|0x0000000085f00000, 0x0000000086000000, 0x0000000086000000|100%| O|  |TAMS 0x0000000086000000, 0x0000000085f00000| Complete 
|  96|0x0000000086000000, 0x0000000086100000, 0x0000000086100000|100%| O|  |TAMS 0x0000000086100000, 0x0000000086000000| Complete 
|  97|0x0000000086100000, 0x0000000086200000, 0x0000000086200000|100%| O|  |TAMS 0x0000000086200000, 0x0000000086100000| Complete 
|  98|0x0000000086200000, 0x0000000086300000, 0x0000000086300000|100%| O|  |TAMS 0x0000000086300000, 0x0000000086200000| Untracked 
|  99|0x0000000086300000, 0x0000000086400000, 0x0000000086400000|100%| O|  |TAMS 0x0000000086400000, 0x0000000086300000| Untracked 
| 100|0x0000000086400000, 0x0000000086500000, 0x0000000086500000|100%| O|  |TAMS 0x0000000086500000, 0x0000000086400000| Untracked 
| 101|0x0000000086500000, 0x0000000086600000, 0x0000000086600000|100%| O|  |TAMS 0x0000000086600000, 0x0000000086500000| Complete 
| 102|0x0000000086600000, 0x0000000086700000, 0x0000000086700000|100%| O|  |TAMS 0x0000000086700000, 0x0000000086600000| Complete 
| 103|0x0000000086700000, 0x0000000086800000, 0x0000000086800000|100%| O|  |TAMS 0x0000000086800000, 0x0000000086700000| Untracked 
| 104|0x0000000086800000, 0x0000000086900000, 0x0000000086900000|100%| O|  |TAMS 0x0000000086900000, 0x0000000086800000| Complete 
| 105|0x0000000086900000, 0x0000000086a00000, 0x0000000086a00000|100%| O|  |TAMS 0x0000000086a00000, 0x0000000086900000| Complete 
| 106|0x0000000086a00000, 0x0000000086b00000, 0x0000000086b00000|100%| O|  |TAMS 0x0000000086b00000, 0x0000000086a00000| Complete 
| 107|0x0000000086b00000, 0x0000000086c00000, 0x0000000086c00000|100%| O|  |TAMS 0x0000000086c00000, 0x0000000086b00000| Untracked 
| 108|0x0000000086c00000, 0x0000000086d00000, 0x0000000086d00000|100%| O|  |TAMS 0x0000000086d00000, 0x0000000086c00000| Complete 
| 109|0x0000000086d00000, 0x0000000086e00000, 0x0000000086e00000|100%| O|  |TAMS 0x0000000086e00000, 0x0000000086d00000| Complete 
| 110|0x0000000086e00000, 0x0000000086f00000, 0x0000000086f00000|100%| O|  |TAMS 0x0000000086f00000, 0x0000000086e00000| Untracked 
| 111|0x0000000086f00000, 0x0000000087000000, 0x0000000087000000|100%| O|  |TAMS 0x0000000087000000, 0x0000000086f00000| Complete 
| 112|0x0000000087000000, 0x0000000087100000, 0x0000000087100000|100%| O|  |TAMS 0x0000000087100000, 0x0000000087000000| Complete 
| 113|0x0000000087100000, 0x0000000087200000, 0x0000000087200000|100%| O|  |TAMS 0x0000000087200000, 0x0000000087100000| Complete 
| 114|0x0000000087200000, 0x0000000087300000, 0x0000000087300000|100%| O|  |TAMS 0x0000000087300000, 0x0000000087200000| Complete 
| 115|0x0000000087300000, 0x0000000087400000, 0x0000000087400000|100%| O|  |TAMS 0x0000000087400000, 0x0000000087300000| Complete 
| 116|0x0000000087400000, 0x0000000087500000, 0x0000000087500000|100%| O|  |TAMS 0x0000000087500000, 0x0000000087400000| Complete 
| 117|0x0000000087500000, 0x0000000087600000, 0x0000000087600000|100%| O|  |TAMS 0x0000000087600000, 0x0000000087500000| Complete 
| 118|0x0000000087600000, 0x0000000087700000, 0x0000000087700000|100%| O|  |TAMS 0x0000000087700000, 0x0000000087600000| Complete 
| 119|0x0000000087700000, 0x0000000087800000, 0x0000000087800000|100%| O|  |TAMS 0x0000000087800000, 0x0000000087700000| Complete 
| 120|0x0000000087800000, 0x0000000087900000, 0x0000000087900000|100%| O|  |TAMS 0x0000000087900000, 0x0000000087800000| Complete 
| 121|0x0000000087900000, 0x0000000087a00000, 0x0000000087a00000|100%| O|  |TAMS 0x0000000087a00000, 0x0000000087900000| Untracked 
| 122|0x0000000087a00000, 0x0000000087b00000, 0x0000000087b00000|100%| O|  |TAMS 0x0000000087b00000, 0x0000000087a00000| Untracked 
| 123|0x0000000087b00000, 0x0000000087c00000, 0x0000000087c00000|100%| O|  |TAMS 0x0000000087c00000, 0x0000000087b00000| Untracked 
| 124|0x0000000087c00000, 0x0000000087d00000, 0x0000000087d00000|100%| O|  |TAMS 0x0000000087d00000, 0x0000000087c00000| Complete 
| 125|0x0000000087d00000, 0x0000000087e00000, 0x0000000087e00000|100%| O|  |TAMS 0x0000000087e00000, 0x0000000087d00000| Untracked 
| 126|0x0000000087e00000, 0x0000000087f00000, 0x0000000087f00000|100%| O|  |TAMS 0x0000000087f00000, 0x0000000087e00000| Untracked 
| 127|0x0000000087f00000, 0x0000000088000000, 0x0000000088000000|100%| O|  |TAMS 0x0000000088000000, 0x0000000087f00000| Complete 
| 128|0x0000000088000000, 0x0000000088100000, 0x0000000088100000|100%| O|  |TAMS 0x0000000088100000, 0x0000000088000000| Complete 
| 129|0x0000000088100000, 0x0000000088200000, 0x0000000088200000|100%| O|  |TAMS 0x0000000088200000, 0x0000000088100000| Complete 
| 130|0x0000000088200000, 0x0000000088300000, 0x0000000088300000|100%| O|  |TAMS 0x0000000088300000, 0x0000000088200000| Complete 
| 131|0x0000000088300000, 0x0000000088400000, 0x0000000088400000|100%| O|  |TAMS 0x0000000088400000, 0x0000000088300000| Complete 
| 132|0x0000000088400000, 0x0000000088500000, 0x0000000088500000|100%| O|  |TAMS 0x0000000088500000, 0x0000000088400000| Complete 
| 133|0x0000000088500000, 0x0000000088600000, 0x0000000088600000|100%| O|  |TAMS 0x0000000088600000, 0x0000000088500000| Complete 
| 134|0x0000000088600000, 0x0000000088700000, 0x0000000088700000|100%| O|  |TAMS 0x0000000088700000, 0x0000000088600000| Complete 
| 135|0x0000000088700000, 0x0000000088800000, 0x0000000088800000|100%| O|  |TAMS 0x0000000088800000, 0x0000000088700000| Complete 
| 136|0x0000000088800000, 0x0000000088900000, 0x0000000088900000|100%| O|  |TAMS 0x0000000088900000, 0x0000000088800000| Untracked 
| 137|0x0000000088900000, 0x0000000088a00000, 0x0000000088a00000|100%| O|  |TAMS 0x0000000088a00000, 0x0000000088900000| Untracked 
| 138|0x0000000088a00000, 0x0000000088b00000, 0x0000000088b00000|100%| O|  |TAMS 0x0000000088b00000, 0x0000000088a00000| Untracked 
| 139|0x0000000088b00000, 0x0000000088c00000, 0x0000000088c00000|100%| O|  |TAMS 0x0000000088c00000, 0x0000000088b00000| Untracked 
| 140|0x0000000088c00000, 0x0000000088d00000, 0x0000000088d00000|100%| O|  |TAMS 0x0000000088d00000, 0x0000000088c00000| Untracked 
| 141|0x0000000088d00000, 0x0000000088e00000, 0x0000000088e00000|100%| O|  |TAMS 0x0000000088e00000, 0x0000000088d00000| Untracked 
| 142|0x0000000088e00000, 0x0000000088f00000, 0x0000000088f00000|100%| O|  |TAMS 0x0000000088f00000, 0x0000000088e00000| Complete 
| 143|0x0000000088f00000, 0x0000000089000000, 0x0000000089000000|100%| O|  |TAMS 0x0000000089000000, 0x0000000088f00000| Untracked 
| 144|0x0000000089000000, 0x0000000089100000, 0x0000000089100000|100%| O|  |TAMS 0x0000000089100000, 0x0000000089000000| Untracked 
| 145|0x0000000089100000, 0x0000000089200000, 0x0000000089200000|100%| O|  |TAMS 0x0000000089200000, 0x0000000089100000| Untracked 
| 146|0x0000000089200000, 0x0000000089300000, 0x0000000089300000|100%| O|  |TAMS 0x0000000089300000, 0x0000000089200000| Untracked 
| 147|0x0000000089300000, 0x0000000089400000, 0x0000000089400000|100%| O|  |TAMS 0x0000000089400000, 0x0000000089300000| Untracked 
| 148|0x0000000089400000, 0x0000000089500000, 0x0000000089500000|100%| O|  |TAMS 0x0000000089500000, 0x0000000089400000| Untracked 
| 149|0x0000000089500000, 0x0000000089600000, 0x0000000089600000|100%| O|  |TAMS 0x0000000089600000, 0x0000000089500000| Untracked 
| 150|0x0000000089600000, 0x0000000089700000, 0x0000000089700000|100%| O|  |TAMS 0x0000000089700000, 0x0000000089600000| Untracked 
| 151|0x0000000089700000, 0x0000000089800000, 0x0000000089800000|100%| O|  |TAMS 0x0000000089800000, 0x0000000089700000| Untracked 
| 152|0x0000000089800000, 0x0000000089900000, 0x0000000089900000|100%| O|  |TAMS 0x0000000089900000, 0x0000000089800000| Untracked 
| 153|0x0000000089900000, 0x0000000089a00000, 0x0000000089a00000|100%| O|  |TAMS 0x0000000089a00000, 0x0000000089900000| Untracked 
| 154|0x0000000089a00000, 0x0000000089b00000, 0x0000000089b00000|100%| O|  |TAMS 0x0000000089b00000, 0x0000000089a00000| Complete 
| 155|0x0000000089b00000, 0x0000000089c00000, 0x0000000089c00000|100%|HS|  |TAMS 0x0000000089c00000, 0x0000000089b00000| Complete 
| 156|0x0000000089c00000, 0x0000000089d00000, 0x0000000089d00000|100%|HC|  |TAMS 0x0000000089d00000, 0x0000000089c00000| Complete 
| 157|0x0000000089d00000, 0x0000000089d00000, 0x0000000089e00000|  0%| F|  |TAMS 0x0000000089d00000, 0x0000000089d00000| Untracked 
| 158|0x0000000089e00000, 0x0000000089e00000, 0x0000000089f00000|  0%| F|  |TAMS 0x0000000089e00000, 0x0000000089e00000| Untracked 
| 159|0x0000000089f00000, 0x0000000089f00000, 0x000000008a000000|  0%| F|  |TAMS 0x0000000089f00000, 0x0000000089f00000| Untracked 
| 160|0x000000008a000000, 0x000000008a000000, 0x000000008a100000|  0%| F|  |TAMS 0x000000008a000000, 0x000000008a000000| Untracked 
| 161|0x000000008a100000, 0x000000008a100000, 0x000000008a200000|  0%| F|  |TAMS 0x000000008a100000, 0x000000008a100000| Untracked 
| 162|0x000000008a200000, 0x000000008a200000, 0x000000008a300000|  0%| F|  |TAMS 0x000000008a200000, 0x000000008a200000| Untracked 
| 163|0x000000008a300000, 0x000000008a300000, 0x000000008a400000|  0%| F|  |TAMS 0x000000008a300000, 0x000000008a300000| Untracked 
| 164|0x000000008a400000, 0x000000008a400000, 0x000000008a500000|  0%| F|  |TAMS 0x000000008a400000, 0x000000008a400000| Untracked 
| 165|0x000000008a500000, 0x000000008a500000, 0x000000008a600000|  0%| F|  |TAMS 0x000000008a500000, 0x000000008a500000| Untracked 
| 166|0x000000008a600000, 0x000000008a600000, 0x000000008a700000|  0%| F|  |TAMS 0x000000008a600000, 0x000000008a600000| Untracked 
| 167|0x000000008a700000, 0x000000008a700000, 0x000000008a800000|  0%| F|  |TAMS 0x000000008a700000, 0x000000008a700000| Untracked 
| 168|0x000000008a800000, 0x000000008a800000, 0x000000008a900000|  0%| F|  |TAMS 0x000000008a800000, 0x000000008a800000| Untracked 
| 169|0x000000008a900000, 0x000000008a900000, 0x000000008aa00000|  0%| F|  |TAMS 0x000000008a900000, 0x000000008a900000| Untracked 
| 170|0x000000008aa00000, 0x000000008aa00000, 0x000000008ab00000|  0%| F|  |TAMS 0x000000008aa00000, 0x000000008aa00000| Untracked 
| 171|0x000000008ab00000, 0x000000008ab00000, 0x000000008ac00000|  0%| F|  |TAMS 0x000000008ab00000, 0x000000008ab00000| Untracked 
| 172|0x000000008ac00000, 0x000000008ac00000, 0x000000008ad00000|  0%| F|  |TAMS 0x000000008ac00000, 0x000000008ac00000| Untracked 
| 173|0x000000008ad00000, 0x000000008ad00000, 0x000000008ae00000|  0%| F|  |TAMS 0x000000008ad00000, 0x000000008ad00000| Untracked 
| 174|0x000000008ae00000, 0x000000008ae00000, 0x000000008af00000|  0%| F|  |TAMS 0x000000008ae00000, 0x000000008ae00000| Untracked 
| 175|0x000000008af00000, 0x000000008af00000, 0x000000008b000000|  0%| F|  |TAMS 0x000000008af00000, 0x000000008af00000| Untracked 
| 176|0x000000008b000000, 0x000000008b000000, 0x000000008b100000|  0%| F|  |TAMS 0x000000008b000000, 0x000000008b000000| Untracked 
| 177|0x000000008b100000, 0x000000008b100000, 0x000000008b200000|  0%| F|  |TAMS 0x000000008b100000, 0x000000008b100000| Untracked 
| 178|0x000000008b200000, 0x000000008b200000, 0x000000008b300000|  0%| F|  |TAMS 0x000000008b200000, 0x000000008b200000| Untracked 
| 179|0x000000008b300000, 0x000000008b300000, 0x000000008b400000|  0%| F|  |TAMS 0x000000008b300000, 0x000000008b300000| Untracked 
| 180|0x000000008b400000, 0x000000008b400000, 0x000000008b500000|  0%| F|  |TAMS 0x000000008b400000, 0x000000008b400000| Untracked 
| 181|0x000000008b500000, 0x000000008b500000, 0x000000008b600000|  0%| F|  |TAMS 0x000000008b500000, 0x000000008b500000| Untracked 
| 182|0x000000008b600000, 0x000000008b600000, 0x000000008b700000|  0%| F|  |TAMS 0x000000008b600000, 0x000000008b600000| Untracked 
| 183|0x000000008b700000, 0x000000008b700000, 0x000000008b800000|  0%| F|  |TAMS 0x000000008b700000, 0x000000008b700000| Untracked 
| 184|0x000000008b800000, 0x000000008b800000, 0x000000008b900000|  0%| F|  |TAMS 0x000000008b800000, 0x000000008b800000| Untracked 
| 185|0x000000008b900000, 0x000000008b900000, 0x000000008ba00000|  0%| F|  |TAMS 0x000000008b900000, 0x000000008b900000| Untracked 
| 186|0x000000008ba00000, 0x000000008ba00000, 0x000000008bb00000|  0%| F|  |TAMS 0x000000008ba00000, 0x000000008ba00000| Untracked 
| 187|0x000000008bb00000, 0x000000008bb00000, 0x000000008bc00000|  0%| F|  |TAMS 0x000000008bb00000, 0x000000008bb00000| Untracked 
| 188|0x000000008bc00000, 0x000000008bc00000, 0x000000008bd00000|  0%| F|  |TAMS 0x000000008bc00000, 0x000000008bc00000| Untracked 
| 189|0x000000008bd00000, 0x000000008bd00000, 0x000000008be00000|  0%| F|  |TAMS 0x000000008bd00000, 0x000000008bd00000| Untracked 
| 190|0x000000008be00000, 0x000000008be00000, 0x000000008bf00000|  0%| F|  |TAMS 0x000000008be00000, 0x000000008be00000| Untracked 
| 191|0x000000008bf00000, 0x000000008c000000, 0x000000008c000000|100%| S|CS|TAMS 0x000000008bf00000, 0x000000008bf00000| Complete 
| 192|0x000000008c000000, 0x000000008c100000, 0x000000008c100000|100%| S|CS|TAMS 0x000000008c000000, 0x000000008c000000| Complete 
| 193|0x000000008c100000, 0x000000008c200000, 0x000000008c200000|100%| S|CS|TAMS 0x000000008c100000, 0x000000008c100000| Complete 
| 194|0x000000008c200000, 0x000000008c300000, 0x000000008c300000|100%| S|CS|TAMS 0x000000008c200000, 0x000000008c200000| Complete 
| 195|0x000000008c300000, 0x000000008c400000, 0x000000008c400000|100%| S|CS|TAMS 0x000000008c300000, 0x000000008c300000| Complete 
| 196|0x000000008c400000, 0x000000008c500000, 0x000000008c500000|100%| S|CS|TAMS 0x000000008c400000, 0x000000008c400000| Complete 
| 197|0x000000008c500000, 0x000000008c600000, 0x000000008c600000|100%| S|CS|TAMS 0x000000008c500000, 0x000000008c500000| Complete 
| 198|0x000000008c600000, 0x000000008c600000, 0x000000008c700000|  0%| F|  |TAMS 0x000000008c600000, 0x000000008c600000| Untracked 
| 199|0x000000008c700000, 0x000000008c700000, 0x000000008c800000|  0%| F|  |TAMS 0x000000008c700000, 0x000000008c700000| Untracked 
| 200|0x000000008c800000, 0x000000008c800000, 0x000000008c900000|  0%| F|  |TAMS 0x000000008c800000, 0x000000008c800000| Untracked 
| 201|0x000000008c900000, 0x000000008c900000, 0x000000008ca00000|  0%| F|  |TAMS 0x000000008c900000, 0x000000008c900000| Untracked 
| 202|0x000000008ca00000, 0x000000008ca00000, 0x000000008cb00000|  0%| F|  |TAMS 0x000000008ca00000, 0x000000008ca00000| Untracked 
| 203|0x000000008cb00000, 0x000000008cb00000, 0x000000008cc00000|  0%| F|  |TAMS 0x000000008cb00000, 0x000000008cb00000| Untracked 
| 204|0x000000008cc00000, 0x000000008cc00000, 0x000000008cd00000|  0%| F|  |TAMS 0x000000008cc00000, 0x000000008cc00000| Untracked 
| 205|0x000000008cd00000, 0x000000008cd00000, 0x000000008ce00000|  0%| F|  |TAMS 0x000000008cd00000, 0x000000008cd00000| Untracked 
| 206|0x000000008ce00000, 0x000000008ce00000, 0x000000008cf00000|  0%| F|  |TAMS 0x000000008ce00000, 0x000000008ce00000| Untracked 
| 207|0x000000008cf00000, 0x000000008cf00000, 0x000000008d000000|  0%| F|  |TAMS 0x000000008cf00000, 0x000000008cf00000| Untracked 
| 208|0x000000008d000000, 0x000000008d000000, 0x000000008d100000|  0%| F|  |TAMS 0x000000008d000000, 0x000000008d000000| Untracked 
| 209|0x000000008d100000, 0x000000008d100000, 0x000000008d200000|  0%| F|  |TAMS 0x000000008d100000, 0x000000008d100000| Untracked 
| 210|0x000000008d200000, 0x000000008d200000, 0x000000008d300000|  0%| F|  |TAMS 0x000000008d200000, 0x000000008d200000| Untracked 
| 211|0x000000008d300000, 0x000000008d300000, 0x000000008d400000|  0%| F|  |TAMS 0x000000008d300000, 0x000000008d300000| Untracked 
| 212|0x000000008d400000, 0x000000008d400000, 0x000000008d500000|  0%| F|  |TAMS 0x000000008d400000, 0x000000008d400000| Untracked 
| 213|0x000000008d500000, 0x000000008d500000, 0x000000008d600000|  0%| F|  |TAMS 0x000000008d500000, 0x000000008d500000| Untracked 
| 214|0x000000008d600000, 0x000000008d600000, 0x000000008d700000|  0%| F|  |TAMS 0x000000008d600000, 0x000000008d600000| Untracked 
| 215|0x000000008d700000, 0x000000008d700000, 0x000000008d800000|  0%| F|  |TAMS 0x000000008d700000, 0x000000008d700000| Untracked 
| 216|0x000000008d800000, 0x000000008d800000, 0x000000008d900000|  0%| F|  |TAMS 0x000000008d800000, 0x000000008d800000| Untracked 
| 217|0x000000008d900000, 0x000000008d900000, 0x000000008da00000|  0%| F|  |TAMS 0x000000008d900000, 0x000000008d900000| Untracked 
| 218|0x000000008da00000, 0x000000008da00000, 0x000000008db00000|  0%| F|  |TAMS 0x000000008da00000, 0x000000008da00000| Untracked 
| 219|0x000000008db00000, 0x000000008db00000, 0x000000008dc00000|  0%| F|  |TAMS 0x000000008db00000, 0x000000008db00000| Untracked 
| 220|0x000000008dc00000, 0x000000008dd00000, 0x000000008dd00000|100%| E|  |TAMS 0x000000008dc00000, 0x000000008dc00000| Complete 
| 221|0x000000008dd00000, 0x000000008de00000, 0x000000008de00000|100%| E|CS|TAMS 0x000000008dd00000, 0x000000008dd00000| Complete 
| 222|0x000000008de00000, 0x000000008df00000, 0x000000008df00000|100%| E|CS|TAMS 0x000000008de00000, 0x000000008de00000| Complete 
| 223|0x000000008df00000, 0x000000008e000000, 0x000000008e000000|100%| E|CS|TAMS 0x000000008df00000, 0x000000008df00000| Complete 
| 224|0x000000008e000000, 0x000000008e100000, 0x000000008e100000|100%| E|CS|TAMS 0x000000008e000000, 0x000000008e000000| Complete 
| 225|0x000000008e100000, 0x000000008e200000, 0x000000008e200000|100%| E|CS|TAMS 0x000000008e100000, 0x000000008e100000| Complete 
| 226|0x000000008e200000, 0x000000008e300000, 0x000000008e300000|100%| E|CS|TAMS 0x000000008e200000, 0x000000008e200000| Complete 
| 227|0x000000008e300000, 0x000000008e400000, 0x000000008e400000|100%| E|CS|TAMS 0x000000008e300000, 0x000000008e300000| Complete 
| 228|0x000000008e400000, 0x000000008e500000, 0x000000008e500000|100%| E|CS|TAMS 0x000000008e400000, 0x000000008e400000| Complete 
| 229|0x000000008e500000, 0x000000008e600000, 0x000000008e600000|100%| E|CS|TAMS 0x000000008e500000, 0x000000008e500000| Complete 
| 230|0x000000008e600000, 0x000000008e700000, 0x000000008e700000|100%| E|CS|TAMS 0x000000008e600000, 0x000000008e600000| Complete 
| 231|0x000000008e700000, 0x000000008e800000, 0x000000008e800000|100%| E|CS|TAMS 0x000000008e700000, 0x000000008e700000| Complete 
| 232|0x000000008e800000, 0x000000008e900000, 0x000000008e900000|100%| E|CS|TAMS 0x000000008e800000, 0x000000008e800000| Complete 
| 233|0x000000008e900000, 0x000000008ea00000, 0x000000008ea00000|100%| E|CS|TAMS 0x000000008e900000, 0x000000008e900000| Complete 
| 234|0x000000008ea00000, 0x000000008eb00000, 0x000000008eb00000|100%| E|CS|TAMS 0x000000008ea00000, 0x000000008ea00000| Complete 
| 235|0x000000008eb00000, 0x000000008ec00000, 0x000000008ec00000|100%| E|CS|TAMS 0x000000008eb00000, 0x000000008eb00000| Complete 
| 236|0x000000008ec00000, 0x000000008ed00000, 0x000000008ed00000|100%| E|CS|TAMS 0x000000008ec00000, 0x000000008ec00000| Complete 
| 237|0x000000008ed00000, 0x000000008ee00000, 0x000000008ee00000|100%| E|CS|TAMS 0x000000008ed00000, 0x000000008ed00000| Complete 
| 238|0x000000008ee00000, 0x000000008ef00000, 0x000000008ef00000|100%| E|CS|TAMS 0x000000008ee00000, 0x000000008ee00000| Complete 
| 239|0x000000008ef00000, 0x000000008f000000, 0x000000008f000000|100%| E|CS|TAMS 0x000000008ef00000, 0x000000008ef00000| Complete 
| 240|0x000000008f000000, 0x000000008f100000, 0x000000008f100000|100%| E|CS|TAMS 0x000000008f000000, 0x000000008f000000| Complete 
| 241|0x000000008f100000, 0x000000008f200000, 0x000000008f200000|100%| E|CS|TAMS 0x000000008f100000, 0x000000008f100000| Complete 
| 242|0x000000008f200000, 0x000000008f300000, 0x000000008f300000|100%| E|CS|TAMS 0x000000008f200000, 0x000000008f200000| Complete 
| 243|0x000000008f300000, 0x000000008f400000, 0x000000008f400000|100%| E|CS|TAMS 0x000000008f300000, 0x000000008f300000| Complete 
| 244|0x000000008f400000, 0x000000008f500000, 0x000000008f500000|100%| E|CS|TAMS 0x000000008f400000, 0x000000008f400000| Complete 
| 245|0x000000008f500000, 0x000000008f600000, 0x000000008f600000|100%| E|CS|TAMS 0x000000008f500000, 0x000000008f500000| Complete 
| 246|0x000000008f600000, 0x000000008f700000, 0x000000008f700000|100%| E|CS|TAMS 0x000000008f600000, 0x000000008f600000| Complete 
| 247|0x000000008f700000, 0x000000008f800000, 0x000000008f800000|100%| E|CS|TAMS 0x000000008f700000, 0x000000008f700000| Complete 
| 248|0x000000008f800000, 0x000000008f900000, 0x000000008f900000|100%| E|CS|TAMS 0x000000008f800000, 0x000000008f800000| Complete 
| 249|0x000000008f900000, 0x000000008fa00000, 0x000000008fa00000|100%| E|CS|TAMS 0x000000008f900000, 0x000000008f900000| Complete 
| 250|0x000000008fa00000, 0x000000008fb00000, 0x000000008fb00000|100%| E|CS|TAMS 0x000000008fa00000, 0x000000008fa00000| Complete 
| 251|0x000000008fb00000, 0x000000008fc00000, 0x000000008fc00000|100%| E|CS|TAMS 0x000000008fb00000, 0x000000008fb00000| Complete 
| 252|0x000000008fc00000, 0x000000008fd00000, 0x000000008fd00000|100%| E|CS|TAMS 0x000000008fc00000, 0x000000008fc00000| Complete 
| 253|0x000000008fd00000, 0x000000008fe00000, 0x000000008fe00000|100%| E|CS|TAMS 0x000000008fd00000, 0x000000008fd00000| Complete 

Card table byte_map: [0x0000021f44540000,0x0000021f44940000] _byte_map_base: 0x0000021f44140000

Marking Bits (Prev, Next): (CMBitMap*) 0x0000021f2f3fb298, (CMBitMap*) 0x0000021f2f3fb2d0
 Prev Bits: [0x0000021f44d40000, 0x0000021f46d40000)
 Next Bits: [0x0000021f46d40000, 0x0000021f48d40000)

Polling page: 0x0000021f2f230000

Metaspace:

Usage:
  Non-class:    127.63 MB capacity,   125.54 MB ( 98%) used,     1.73 MB (  1%) free+waste,   375.63 KB ( <1%) overhead. 
      Class:     19.90 MB capacity,    18.72 MB ( 94%) used,     1.02 MB (  5%) free+waste,   164.63 KB ( <1%) overhead. 
       Both:    147.53 MB capacity,   144.26 MB ( 98%) used,     2.75 MB (  2%) free+waste,   540.25 KB ( <1%) overhead. 

Virtual space:
  Non-class space:      128.00 MB reserved,     127.72 MB (>99%) committed 
      Class space:        1.00 GB reserved,      20.02 MB (  2%) committed 
             Both:        1.13 GB reserved,     147.74 MB ( 13%) committed 

Chunk freelists:
   Non-Class:  24.00 KB
       Class:  8.00 KB
        Both:  32.00 KB

MaxMetaspaceSize: 17179869184.00 GB
CompressedClassSpaceSize: 1.00 GB
Initial GC threshold: 20.80 MB
Current GC threshold: 246.24 MB
CDS: off

CodeHeap 'non-profiled nmethods': size=120000Kb used=11380Kb max_used=11380Kb free=108619Kb
 bounds [0x0000021f3c1b0000, 0x0000021f3ccd0000, 0x0000021f436e0000]
CodeHeap 'profiled nmethods': size=120000Kb used=38610Kb max_used=38610Kb free=81389Kb
 bounds [0x0000021f34c80000, 0x0000021f37240000, 0x0000021f3c1b0000]
CodeHeap 'non-nmethods': size=5760Kb used=2476Kb max_used=2525Kb free=3283Kb
 bounds [0x0000021f346e0000, 0x0000021f34960000, 0x0000021f34c80000]
 total_blobs=17946 nmethods=16941 adapters=916
 compilation: enabled
              stopped_count=0, restarted_count=0
 full_count=0

Compilation events (20 events):
Event: 426.704 Thread 0x0000021f51ea2000 nmethod 17056 0x0000021f3ccc7a90 code [0x0000021f3ccc7c80, 0x0000021f3ccc91d8]
Event: 426.704 Thread 0x0000021f51ea2000 17054       4       org.objectweb.asm.Label::resolve (219 bytes)
Event: 426.709 Thread 0x0000021f4c10a000 17074       3       org.objectweb.asm.tree.MethodNode::visitAnnotableParameterCount (18 bytes)
Event: 426.709 Thread 0x0000021f4c10a000 nmethod 17074 0x0000021f37227c10 code [0x0000021f37227dc0, 0x0000021f37227f18]
Event: 426.709 Thread 0x0000021f4c10a000 17075       3       org.objectweb.asm.MethodWriter::visitAnnotableParameterCount (18 bytes)
Event: 426.709 Thread 0x0000021f4c10a000 nmethod 17075 0x0000021f37227f90 code [0x0000021f37228140, 0x0000021f37228298]
Event: 426.709 Thread 0x0000021f4c10a000 17076       3       org.objectweb.asm.AnnotationWriter::computeParameterAnnotationsSize (51 bytes)
Event: 426.710 Thread 0x0000021f4c10a000 nmethod 17076 0x0000021f37228310 code [0x0000021f372284e0, 0x0000021f37228768]
Event: 426.710 Thread 0x0000021f4c10a000 17077       3       org.objectweb.asm.ClassReader::readParameterAnnotations (106 bytes)
Event: 426.711 Thread 0x0000021f4c10a000 nmethod 17077 0x0000021f37228910 code [0x0000021f37228b40, 0x0000021f37229338]
Event: 426.711 Thread 0x0000021f4c10a000 17078       3       org.objectweb.asm.tree.MethodNode::visitParameterAnnotation (106 bytes)
Event: 426.712 Thread 0x0000021f51ea2000 nmethod 17054 0x0000021f3ccc9890 code [0x0000021f3ccc9a20, 0x0000021f3ccc9c98]
Event: 426.712 Thread 0x0000021f51ea2000 17053       4       org.objectweb.asm.Frame::getAbstractTypeFromDescriptor (415 bytes)
Event: 426.712 Thread 0x0000021f4c10a000 nmethod 17078 0x0000021f37229790 code [0x0000021f37229a40, 0x0000021f3722a9b8]
Event: 426.712 Thread 0x0000021f4c10a000 17079       3       org.objectweb.asm.MethodWriter::visitParameterAnnotation (92 bytes)
Event: 426.714 Thread 0x0000021f4c10a000 nmethod 17079 0x0000021f3722af10 code [0x0000021f3722b1e0, 0x0000021f3722c1d8]
Event: 426.716 Thread 0x0000021f4c10a000 17081       3       org.objectweb.asm.tree.MethodNode::visitFieldInsn (20 bytes)
Event: 426.717 Thread 0x0000021f4c10a000 nmethod 17081 0x0000021f3722c710 code [0x0000021f3722c900, 0x0000021f3722cd08]
Event: 426.717 Thread 0x0000021f4c10a000 17082       3       org.objectweb.asm.tree.FieldInsnNode::<init> (22 bytes)
Event: 426.717 Thread 0x0000021f4c10a000 nmethod 17082 0x0000021f3722ce90 code [0x0000021f3722d060, 0x0000021f3722d338]

GC Heap History (20 events):
Event: 416.160 GC heap before
{Heap before GC invocations=22 (full 0):
 garbage-first heap   total 260096K, used 213811K [0x0000000080000000, 0x0000000100000000)
  region size 1024K, 86 young (88064K), 12 survivors (12288K)
 Metaspace       used 120191K, capacity 123284K, committed 123640K, reserved 1157120K
  class space    used 15451K, capacity 16541K, committed 16664K, reserved 1048576K
}
Event: 416.182 GC heap after
{Heap after GC invocations=23 (full 0):
 garbage-first heap   total 260096K, used 143299K [0x0000000080000000, 0x0000000100000000)
  region size 1024K, 5 young (5120K), 5 survivors (5120K)
 Metaspace       used 120191K, capacity 123284K, committed 123640K, reserved 1157120K
  class space    used 15451K, capacity 16541K, committed 16664K, reserved 1048576K
}
Event: 418.231 GC heap before
{Heap before GC invocations=24 (full 0):
 garbage-first heap   total 260096K, used 216003K [0x0000000080000000, 0x0000000100000000)
  region size 1024K, 77 young (78848K), 5 survivors (5120K)
 Metaspace       used 126824K, capacity 129985K, committed 130296K, reserved 1163264K
  class space    used 16229K, capacity 17361K, committed 17432K, reserved 1048576K
}
Event: 418.242 GC heap after
{Heap after GC invocations=25 (full 0):
 garbage-first heap   total 260096K, used 145923K [0x0000000080000000, 0x0000000100000000)
  region size 1024K, 8 young (8192K), 8 survivors (8192K)
 Metaspace       used 126824K, capacity 129985K, committed 130296K, reserved 1163264K
  class space    used 16229K, capacity 17361K, committed 17432K, reserved 1048576K
}
Event: 418.261 GC heap before
{Heap before GC invocations=25 (full 0):
 garbage-first heap   total 260096K, used 148995K [0x0000000080000000, 0x0000000100000000)
  region size 1024K, 12 young (12288K), 8 survivors (8192K)
 Metaspace       used 126824K, capacity 129985K, committed 130296K, reserved 1163264K
  class space    used 16229K, capacity 17361K, committed 17432K, reserved 1048576K
}
Event: 418.272 GC heap after
{Heap after GC invocations=26 (full 0):
 garbage-first heap   total 260096K, used 146858K [0x0000000080000000, 0x0000000100000000)
  region size 1024K, 2 young (2048K), 2 survivors (2048K)
 Metaspace       used 126824K, capacity 129985K, committed 130296K, reserved 1163264K
  class space    used 16229K, capacity 17361K, committed 17432K, reserved 1048576K
}
Event: 418.940 GC heap before
{Heap before GC invocations=26 (full 0):
 garbage-first heap   total 260096K, used 177578K [0x0000000080000000, 0x0000000100000000)
  region size 1024K, 33 young (33792K), 2 survivors (2048K)
 Metaspace       used 130177K, capacity 133388K, committed 133496K, reserved 1165312K
  class space    used 16670K, capacity 17789K, committed 17816K, reserved 1048576K
}
Event: 418.949 GC heap after
{Heap after GC invocations=27 (full 0):
 garbage-first heap   total 260096K, used 148610K [0x0000000080000000, 0x0000000100000000)
  region size 1024K, 4 young (4096K), 4 survivors (4096K)
 Metaspace       used 130177K, capacity 133388K, committed 133496K, reserved 1165312K
  class space    used 16670K, capacity 17789K, committed 17816K, reserved 1048576K
}
Event: 420.094 GC heap before
{Heap before GC invocations=28 (full 0):
 garbage-first heap   total 260096K, used 203906K [0x0000000080000000, 0x0000000100000000)
  region size 1024K, 57 young (58368K), 4 survivors (4096K)
 Metaspace       used 132808K, capacity 136146K, committed 136312K, reserved 1167360K
  class space    used 17018K, capacity 18214K, committed 18328K, reserved 1048576K
}
Event: 420.105 GC heap after
{Heap after GC invocations=29 (full 0):
 garbage-first heap   total 260096K, used 151411K [0x0000000080000000, 0x0000000100000000)
  region size 1024K, 7 young (7168K), 7 survivors (7168K)
 Metaspace       used 132808K, capacity 136146K, committed 136312K, reserved 1167360K
  class space    used 17018K, capacity 18214K, committed 18328K, reserved 1048576K
}
Event: 420.247 GC heap before
{Heap before GC invocations=29 (full 0):
 garbage-first heap   total 260096K, used 155507K [0x0000000080000000, 0x0000000100000000)
  region size 1024K, 12 young (12288K), 7 survivors (7168K)
 Metaspace       used 133760K, capacity 137081K, committed 137464K, reserved 1169408K
  class space    used 17135K, capacity 18311K, committed 18456K, reserved 1048576K
}
Event: 420.258 GC heap after
{Heap after GC invocations=30 (full 0):
 garbage-first heap   total 260096K, used 151444K [0x0000000080000000, 0x0000000100000000)
  region size 1024K, 1 young (1024K), 1 survivors (1024K)
 Metaspace       used 133760K, capacity 137081K, committed 137464K, reserved 1169408K
  class space    used 17135K, capacity 18311K, committed 18456K, reserved 1048576K
}
Event: 423.482 GC heap before
{Heap before GC invocations=30 (full 0):
 garbage-first heap   total 260096K, used 206740K [0x0000000080000000, 0x0000000100000000)
  region size 1024K, 55 young (56320K), 1 survivors (1024K)
 Metaspace       used 139700K, capacity 143066K, committed 143224K, reserved 1173504K
  class space    used 18096K, capacity 19297K, committed 19352K, reserved 1048576K
}
Event: 423.490 GC heap after
{Heap after GC invocations=31 (full 0):
 garbage-first heap   total 260096K, used 154765K [0x0000000080000000, 0x0000000100000000)
  region size 1024K, 5 young (5120K), 5 survivors (5120K)
 Metaspace       used 139700K, capacity 143066K, committed 143224K, reserved 1173504K
  class space    used 18096K, capacity 19297K, committed 19352K, reserved 1048576K
}
Event: 425.127 GC heap before
{Heap before GC invocations=32 (full 0):
 garbage-first heap   total 260096K, used 210061K [0x0000000080000000, 0x0000000100000000)
  region size 1024K, 59 young (60416K), 5 survivors (5120K)
 Metaspace       used 142042K, capacity 145295K, committed 145656K, reserved 1175552K
  class space    used 18414K, capacity 19586K, committed 19736K, reserved 1048576K
}
Event: 425.136 GC heap after
{Heap after GC invocations=33 (full 0):
 garbage-first heap   total 260096K, used 157941K [0x0000000080000000, 0x0000000100000000)
  region size 1024K, 8 young (8192K), 8 survivors (8192K)
 Metaspace       used 142042K, capacity 145295K, committed 145656K, reserved 1175552K
  class space    used 18414K, capacity 19586K, committed 19736K, reserved 1048576K
}
Event: 425.215 GC heap before
{Heap before GC invocations=33 (full 0):
 garbage-first heap   total 260096K, used 162037K [0x0000000080000000, 0x0000000100000000)
  region size 1024K, 12 young (12288K), 8 survivors (8192K)
 Metaspace       used 142525K, capacity 145807K, committed 145912K, reserved 1175552K
  class space    used 18479K, capacity 19650K, committed 19736K, reserved 1048576K
}
Event: 425.225 GC heap after
{Heap after GC invocations=34 (full 0):
 garbage-first heap   total 260096K, used 158237K [0x0000000080000000, 0x0000000100000000)
  region size 1024K, 2 young (2048K), 2 survivors (2048K)
 Metaspace       used 142525K, capacity 145807K, committed 145912K, reserved 1175552K
  class space    used 18479K, capacity 19650K, committed 19736K, reserved 1048576K
}
Event: 426.197 GC heap before
{Heap before GC invocations=34 (full 0):
 garbage-first heap   total 260096K, used 215581K [0x0000000080000000, 0x0000000100000000)
  region size 1024K, 56 young (57344K), 2 survivors (2048K)
 Metaspace       used 147441K, capacity 150816K, committed 151032K, reserved 1179648K
  class space    used 19157K, capacity 20376K, committed 20504K, reserved 1048576K
}
Event: 426.216 GC heap after
{Heap after GC invocations=35 (full 0):
 garbage-first heap   total 260096K, used 167051K [0x0000000080000000, 0x0000000100000000)
  region size 1024K, 7 young (7168K), 7 survivors (7168K)
 Metaspace       used 147441K, capacity 150816K, committed 151032K, reserved 1179648K
  class space    used 19157K, capacity 20376K, committed 20504K, reserved 1048576K
}

Deoptimization events (20 events):
Event: 425.840 Thread 0x0000021f5089b800 DEOPT PACKING pc=0x0000021f3c7c2c40 sp=0x0000002f902f8fe0
Event: 425.840 Thread 0x0000021f5089b800 DEOPT UNPACKING pc=0x0000021f3472a1af sp=0x0000002f902f8fb0 mode 2
Event: 425.866 Thread 0x0000021f5089b800 Uncommon trap: trap_request=0xffffffde fr.pc=0x0000021f3c7c3044 relative=0x0000000000003fe4
Event: 425.866 Thread 0x0000021f5089b800 Uncommon trap: reason=class_check action=maybe_recompile pc=0x0000021f3c7c3044 method=java.lang.Class.createAnnotationData(I)Ljava/lang/Class$AnnotationData; @ 103 c2
Event: 425.866 Thread 0x0000021f5089b800 DEOPT PACKING pc=0x0000021f3c7c3044 sp=0x0000002f902f8fe0
Event: 425.866 Thread 0x0000021f5089b800 DEOPT UNPACKING pc=0x0000021f3472a1af sp=0x0000002f902f8e98 mode 2
Event: 425.867 Thread 0x0000021f5089b800 Uncommon trap: trap_request=0xffffffde fr.pc=0x0000021f3c7c2c40 relative=0x0000000000003be0
Event: 425.867 Thread 0x0000021f5089b800 Uncommon trap: reason=class_check action=maybe_recompile pc=0x0000021f3c7c2c40 method=java.lang.Class.createAnnotationData(I)Ljava/lang/Class$AnnotationData; @ 103 c2
Event: 425.867 Thread 0x0000021f5089b800 DEOPT PACKING pc=0x0000021f3c7c2c40 sp=0x0000002f902f8fe0
Event: 425.867 Thread 0x0000021f5089b800 DEOPT UNPACKING pc=0x0000021f3472a1af sp=0x0000002f902f8fb0 mode 2
Event: 426.166 Thread 0x0000021f5089b800 DEOPT PACKING pc=0x0000021f36bccb77 sp=0x0000002f902f4d40
Event: 426.166 Thread 0x0000021f5089b800 DEOPT UNPACKING pc=0x0000021f3472a95e sp=0x0000002f902f4240 mode 0
Event: 426.284 Thread 0x0000021f5089b800 Uncommon trap: trap_request=0xffffff4d fr.pc=0x0000021f3c52cd70 relative=0x0000000000000250
Event: 426.285 Thread 0x0000021f5089b800 Uncommon trap: reason=unstable_if action=reinterpret pc=0x0000021f3c52cd70 method=java.io.BufferedOutputStream.write(I)V @ 9 c2
Event: 426.285 Thread 0x0000021f5089b800 DEOPT PACKING pc=0x0000021f3c52cd70 sp=0x0000002f902f6de0
Event: 426.285 Thread 0x0000021f5089b800 DEOPT UNPACKING pc=0x0000021f3472a1af sp=0x0000002f902f6d98 mode 2
Event: 426.303 Thread 0x0000021f5089b800 Uncommon trap: trap_request=0xffffff4d fr.pc=0x0000021f3ccb6808 relative=0x00000000000000e8
Event: 426.303 Thread 0x0000021f5089b800 Uncommon trap: reason=unstable_if action=reinterpret pc=0x0000021f3ccb6808 method=org.objectweb.asm.ByteVector.putShort(I)Lorg/objectweb/asm/ByteVector; @ 13 c2
Event: 426.303 Thread 0x0000021f5089b800 DEOPT PACKING pc=0x0000021f3ccb6808 sp=0x0000002f902f6d80
Event: 426.303 Thread 0x0000021f5089b800 DEOPT UNPACKING pc=0x0000021f3472a1af sp=0x0000002f902f6d18 mode 2

Classes redefined (0 events):
No events

Internal exceptions (20 events):
Event: 420.082 Thread 0x0000021f5089b800 Exception <a 'java/lang/ClassNotFoundException'{0x000000008c580c20}: org/jetbrains/kotlin/gradle/dsl/KotlinJvmOptionsImplCustomizer> (0x000000008c580c20) thrown at [./src/hotspot/share/classfile/systemDictionary.cpp, line 231]
Event: 420.169 Thread 0x0000021f5089b800 Implicit null exception at 0x0000021f3cbec6ad to 0x0000021f3cbec7b0
Event: 420.950 Thread 0x0000021f5089b800 Exception <a 'java/lang/ClassNotFoundException'{0x000000008e12d648}: com/android/build/gradle/internal/api/ApkVariantOutputImpl_DecoratedBeanInfo> (0x000000008e12d648) thrown at [./src/hotspot/share/classfile/systemDictionary.cpp, line 231]
Event: 420.951 Thread 0x0000021f5089b800 Exception <a 'java/lang/ClassNotFoundException'{0x000000008e147190}: com/android/build/gradle/internal/api/ApkVariantOutputImplBeanInfo> (0x000000008e147190) thrown at [./src/hotspot/share/classfile/systemDictionary.cpp, line 231]
Event: 420.951 Thread 0x0000021f5089b800 Exception <a 'java/lang/ClassNotFoundException'{0x000000008e161b38}: com/android/build/gradle/internal/api/BaseVariantOutputImplBeanInfo> (0x000000008e161b38) thrown at [./src/hotspot/share/classfile/systemDictionary.cpp, line 231]
Event: 420.952 Thread 0x0000021f5089b800 Exception <a 'java/lang/ClassNotFoundException'{0x000000008e17c7e8}: com/android/build/gradle/internal/api/BaseVariantOutputImplCustomizer> (0x000000008e17c7e8) thrown at [./src/hotspot/share/classfile/systemDictionary.cpp, line 231]
Event: 420.953 Thread 0x0000021f5089b800 Exception <a 'java/lang/ClassNotFoundException'{0x000000008e1a8d10}: com/android/build/gradle/internal/api/ApkVariantOutputImplCustomizer> (0x000000008e1a8d10) thrown at [./src/hotspot/share/classfile/systemDictionary.cpp, line 231]
Event: 420.954 Thread 0x0000021f5089b800 Exception <a 'java/lang/ClassNotFoundException'{0x000000008e1d16d8}: com/android/build/gradle/internal/api/ApkVariantOutputImpl_DecoratedCustomizer> (0x000000008e1d16d8) thrown at [./src/hotspot/share/classfile/systemDictionary.cpp, line 231]
Event: 420.986 Thread 0x0000021f5089b800 Exception <a 'java/lang/ClassNotFoundException'{0x000000008dfbbf58}: com/android/build/gradle/internal/api/ReadOnlyBuildTypeBeanInfo> (0x000000008dfbbf58) thrown at [./src/hotspot/share/classfile/systemDictionary.cpp, line 231]
Event: 420.986 Thread 0x0000021f5089b800 Exception <a 'java/lang/ClassNotFoundException'{0x000000008dfd5928}: com/android/build/gradle/internal/api/ReadOnlyBaseConfigBeanInfo> (0x000000008dfd5928) thrown at [./src/hotspot/share/classfile/systemDictionary.cpp, line 231]
Event: 420.987 Thread 0x0000021f5089b800 Exception <a 'java/lang/ClassNotFoundException'{0x000000008dfefc30}: com/android/build/gradle/internal/api/ReadOnlyBaseConfigCustomizer> (0x000000008dfefc30) thrown at [./src/hotspot/share/classfile/systemDictionary.cpp, line 231]
Event: 420.989 Thread 0x0000021f5089b800 Exception <a 'java/lang/ClassNotFoundException'{0x000000008de1a088}: com/android/build/gradle/internal/api/ReadOnlyBuildTypeCustomizer> (0x000000008de1a088) thrown at [./src/hotspot/share/classfile/systemDictionary.cpp, line 231]
Event: 421.034 Thread 0x0000021f5089b800 Exception <a 'java/lang/NoSuchMethodError'{0x000000008ddd6550}: 'void java.lang.invoke.DirectMethodHandle$Holder.invokeStatic(java.lang.Object, java.lang.Object, java.lang.Object, java.lang.Object, java.lang.Object, java.lang.Object, java.lang.Object, java.lang.Object)'> (0x000000008ddd6550) thrown at [./src/hotspot/share/interpreter/linkResolver.cpp, line 773]
Event: 425.610 Thread 0x0000021f5089b800 Exception <a 'sun/nio/fs/WindowsException'{0x000000008e5c2de0}> (0x000000008e5c2de0) thrown at [./src/hotspot/share/prims/jni.cpp, line 615]
Event: 425.611 Thread 0x0000021f5089b800 Exception <a 'sun/nio/fs/WindowsException'{0x000000008e5c31e8}> (0x000000008e5c31e8) thrown at [./src/hotspot/share/prims/jni.cpp, line 615]
Event: 425.706 Thread 0x0000021f5089b800 Exception <a 'java/lang/NullPointerException'{0x000000008dd4e468}> (0x000000008dd4e468) thrown at [./src/hotspot/share/interpreter/linkResolver.cpp, line 1440]
Event: 426.000 Thread 0x0000021f5089b800 Exception <a 'sun/nio/fs/WindowsException'{0x000000008cfa8bc8}> (0x000000008cfa8bc8) thrown at [./src/hotspot/share/prims/jni.cpp, line 615]
Event: 426.001 Thread 0x0000021f5089b800 Exception <a 'sun/nio/fs/WindowsException'{0x000000008cfa9ca8}> (0x000000008cfa9ca8) thrown at [./src/hotspot/share/prims/jni.cpp, line 615]
Event: 426.001 Thread 0x0000021f5089b800 Exception <a 'sun/nio/fs/WindowsException'{0x000000008cfaadd8}> (0x000000008cfaadd8) thrown at [./src/hotspot/share/prims/jni.cpp, line 615]
Event: 426.001 Thread 0x0000021f5089b800 Exception <a 'sun/nio/fs/WindowsException'{0x000000008cfabf08}> (0x000000008cfabf08) thrown at [./src/hotspot/share/prims/jni.cpp, line 615]

Events (20 events):
Event: 426.219 loading class org/objectweb/asm/tree/JumpInsnNode done
Event: 426.220 loading class org/objectweb/asm/tree/FieldInsnNode
Event: 426.220 loading class org/objectweb/asm/tree/FieldInsnNode done
Event: 426.220 loading class org/objectweb/asm/tree/VarInsnNode
Event: 426.220 loading class org/objectweb/asm/tree/VarInsnNode done
Event: 426.221 loading class org/objectweb/asm/tree/IntInsnNode
Event: 426.221 loading class org/objectweb/asm/tree/IntInsnNode done
Event: 426.222 loading class org/objectweb/asm/tree/FrameNode
Event: 426.222 loading class org/objectweb/asm/tree/FrameNode done
Event: 426.223 loading class org/objectweb/asm/tree/InsnList
Event: 426.223 loading class org/objectweb/asm/tree/InsnList done
Event: 426.229 loading class org/objectweb/asm/tree/LocalVariableNode
Event: 426.229 loading class org/objectweb/asm/tree/LocalVariableNode done
Event: 426.284 Executing VM operation: RevokeBias
Event: 426.285 Executing VM operation: RevokeBias done
Event: 426.480 Thread 0x0000021f51ea2000 Thread added: 0x0000021f51ea2000
Event: 426.490 Executing VM operation: CGC_Operation
Event: 426.505 Executing VM operation: CGC_Operation done
Event: 426.667 Executing VM operation: CGC_Operation
Event: 426.669 Executing VM operation: CGC_Operation done


Dynamic libraries:
0x00007ff6efd70000 - 0x00007ff6efd7a000 	C:\Program Files\Android\Android Studio\jre\bin\java.exe
0x00007ffb61820000 - 0x00007ffb61a10000 	C:\windows\SYSTEM32\ntdll.dll
0x00007ffb60e70000 - 0x00007ffb60f22000 	C:\windows\System32\KERNEL32.DLL
0x00007ffb5f4a0000 - 0x00007ffb5f745000 	C:\windows\System32\KERNELBASE.dll
0x00007ffb5f1d0000 - 0x00007ffb5f2ca000 	C:\windows\System32\ucrtbase.dll
0x00007ffb58310000 - 0x00007ffb58329000 	C:\Program Files\Android\Android Studio\jre\bin\jli.dll
0x00007ffb57fd0000 - 0x00007ffb57fe7000 	C:\Program Files\Android\Android Studio\jre\bin\VCRUNTIME140.dll
0x00007ffb60f30000 - 0x00007ffb610c4000 	C:\windows\System32\USER32.dll
0x00007ffb5f1a0000 - 0x00007ffb5f1c1000 	C:\windows\System32\win32u.dll
0x00007ffb60de0000 - 0x00007ffb60e06000 	C:\windows\System32\GDI32.dll
0x00007ffb5e7b0000 - 0x00007ffb5e946000 	C:\windows\System32\gdi32full.dll
0x00007ffb4ba80000 - 0x00007ffb4bd04000 	C:\windows\WinSxS\amd64_microsoft.windows.common-controls_6595b64144ccf1df_6.0.18362.1139_none_9e7bf2d3e4605ac6\COMCTL32.dll
0x00007ffb5f7b0000 - 0x00007ffb5f84e000 	C:\windows\System32\msvcp_win.dll
0x00007ffb5fb20000 - 0x00007ffb5fbbe000 	C:\windows\System32\msvcrt.dll
0x00007ffb61270000 - 0x00007ffb615a5000 	C:\windows\System32\combase.dll
0x00007ffb615e0000 - 0x00007ffb61700000 	C:\windows\System32\RPCRT4.dll
0x00007ffb5f2d0000 - 0x00007ffb5f350000 	C:\windows\System32\bcryptPrimitives.dll
0x00007ffb61240000 - 0x00007ffb6126e000 	C:\windows\System32\IMM32.DLL
0x00007ffb5d2d0000 - 0x00007ffb5d32e000 	C:\windows\SYSTEM32\oleLoader.dll
0x00007ffb4b460000 - 0x00007ffb4b4fd000 	C:\Program Files\Android\Android Studio\jre\bin\msvcp140.dll
0x00007ffaf7270000 - 0x00007ffaf7d55000 	C:\Program Files\Android\Android Studio\jre\bin\server\jvm.dll
0x00007ffb60030000 - 0x00007ffb600d3000 	C:\windows\System32\ADVAPI32.dll
0x00007ffb610d0000 - 0x00007ffb61167000 	C:\windows\System32\sechost.dll
0x00007ffb5f9e0000 - 0x00007ffb5f9e8000 	C:\windows\System32\PSAPI.DLL
0x00007ffb322e0000 - 0x00007ffb322e9000 	C:\windows\SYSTEM32\WSOCK32.dll
0x00007ffb61700000 - 0x00007ffb6176f000 	C:\windows\System32\WS2_32.dll
0x00007ffb5bf10000 - 0x00007ffb5bf34000 	C:\windows\SYSTEM32\WINMM.dll
0x00007ffb585d0000 - 0x00007ffb585da000 	C:\windows\SYSTEM32\VERSION.dll
0x00007ffb5bd80000 - 0x00007ffb5bdad000 	C:\windows\SYSTEM32\winmmbase.dll
0x00007ffb5f850000 - 0x00007ffb5f89a000 	C:\windows\System32\cfgmgr32.dll
0x00007ffb5e6f0000 - 0x00007ffb5e701000 	C:\windows\System32\kernel.appcore.dll
0x00007ffb580e0000 - 0x00007ffb580f1000 	C:\Program Files\Android\Android Studio\jre\bin\verify.dll
0x00007ffb50a30000 - 0x00007ffb50c24000 	C:\windows\SYSTEM32\DBGHELP.DLL
0x00007ffb433e0000 - 0x00007ffb4340a000 	C:\windows\SYSTEM32\dbgcore.DLL
0x00007ffb580b0000 - 0x00007ffb580d9000 	C:\Program Files\Android\Android Studio\jre\bin\java.dll
0x00007ffb580a0000 - 0x00007ffb580ab000 	C:\Program Files\Android\Android Studio\jre\bin\jimage.dll
0x00007ffb58080000 - 0x00007ffb58098000 	C:\Program Files\Android\Android Studio\jre\bin\zip.dll
0x00007ffb605a0000 - 0x00007ffb60c87000 	C:\windows\System32\SHELL32.dll
0x00007ffb5f8d0000 - 0x00007ffb5f979000 	C:\windows\System32\shcore.dll
0x00007ffb5e950000 - 0x00007ffb5f0d0000 	C:\windows\System32\windows.storage.dll
0x00007ffb5e780000 - 0x00007ffb5e7a3000 	C:\windows\System32\profapi.dll
0x00007ffb5e710000 - 0x00007ffb5e75a000 	C:\windows\System32\powrprof.dll
0x00007ffb5e6e0000 - 0x00007ffb5e6f0000 	C:\windows\System32\UMPDC.dll
0x00007ffb60e10000 - 0x00007ffb60e62000 	C:\windows\System32\shlwapi.dll
0x00007ffb5f0d0000 - 0x00007ffb5f0e7000 	C:\windows\System32\cryptsp.dll
0x00007ffb3af80000 - 0x00007ffb3b094000 	C:\UEBA\plugin\Com.Isearch.Func.Java\UEBAMonitorJava_x64.dll
0x00007ffb5c910000 - 0x00007ffb5c9a9000 	C:\windows\system32\uxtheme.dll
0x0000000180000000 - 0x000000018004c000 	C:\windows\system32\oleshell1029.dll
0x00007ffb60440000 - 0x00007ffb60597000 	C:\windows\System32\ole32.dll
0x00007ffb4c8b0000 - 0x00007ffb4c8bc000 	C:\windows\system32\Secur32.dll
0x00007ffb456c0000 - 0x00007ffb45b95000 	C:\windows\system32\WININET.dll
0x00007ffb4aee0000 - 0x00007ffb4af69000 	C:\windows\system32\WINSPOOL.DRV
0x00007ffb5f8a0000 - 0x00007ffb5f8c6000 	C:\windows\System32\bcrypt.dll
0x00007ffb5a050000 - 0x00007ffb5a140000 	C:\windows\system32\PROPSYS.dll
0x00007ffb60290000 - 0x00007ffb60355000 	C:\windows\System32\OLEAUT32.dll
0x00007ffb5dc40000 - 0x00007ffb5dc7a000 	C:\windows\system32\IPHLPAPI.DLL
0x00007ffb5e5f0000 - 0x00007ffb5e627000 	C:\windows\system32\SSPICLI.DLL
0x00007ffb5df30000 - 0x00007ffb5df97000 	C:\windows\system32\mswsock.dll
0x00007ffb58060000 - 0x00007ffb5807a000 	C:\Program Files\Android\Android Studio\jre\bin\net.dll
0x00007ffb5c0b0000 - 0x00007ffb5c1a0000 	C:\windows\SYSTEM32\WINHTTP.dll
0x00007ffb58040000 - 0x00007ffb58054000 	C:\Program Files\Android\Android Studio\jre\bin\nio.dll
0x00007ffb58330000 - 0x00007ffb58357000 	C:\Users\a84203565\.gradle\native\e1d6ef7f7dcc3fd88c89a11ec53ec762bb8ba0a96d01ffa2cd45eb1d1d8dd5c5\windows-amd64\native-platform.dll
0x00007ffb063e0000 - 0x00007ffb06524000 	C:\Users\a84203565\.gradle\native\5664cfc778a61ccfe75a443a1ab52a65af34e5dc3c78e0209fed803814484fcb\windows-amd64\native-platform-file-events.dll
0x00007ffb58030000 - 0x00007ffb5803a000 	C:\Program Files\Android\Android Studio\jre\bin\management.dll
0x00007ffb58020000 - 0x00007ffb5802d000 	C:\Program Files\Android\Android Studio\jre\bin\management_ext.dll
0x00007ffb5daa0000 - 0x00007ffb5dad3000 	C:\windows\system32\rsaenh.dll
0x00007ffb5e5c0000 - 0x00007ffb5e5e5000 	C:\windows\SYSTEM32\USERENV.dll
0x00007ffb5e100000 - 0x00007ffb5e10c000 	C:\windows\SYSTEM32\CRYPTBASE.dll
0x00007ffb615b0000 - 0x00007ffb615b8000 	C:\windows\System32\NSI.dll
0x00007ffb5aed0000 - 0x00007ffb5aee6000 	C:\windows\SYSTEM32\dhcpcsvc6.DLL
0x00007ffb5a1f0000 - 0x00007ffb5a20c000 	C:\windows\SYSTEM32\dhcpcsvc.DLL
0x00007ffb5dc80000 - 0x00007ffb5dd4b000 	C:\windows\SYSTEM32\DNSAPI.dll
0x000000005a6b0000 - 0x000000005a6d6000 	C:\Program Files\Bonjour\mdnsNSP.dll
0x00007ffb585a0000 - 0x00007ffb585aa000 	C:\Windows\System32\rasadhlp.dll
0x00007ffb5bdb0000 - 0x00007ffb5be27000 	C:\windows\System32\fwpuclnt.dll
0x00007ffb4d4d0000 - 0x00007ffb4d4f7000 	C:\Program Files\Android\Android Studio\jre\bin\sunec.dll
0x00007ffb32290000 - 0x00007ffb322a6000 	C:\windows\system32\napinsp.dll
0x00007ffb2f8f0000 - 0x00007ffb2f90a000 	C:\windows\system32\pnrpnsp.dll
0x00007ffb2f8e0000 - 0x00007ffb2f8ee000 	C:\windows\System32\winrnr.dll
0x00007ffb5c5e0000 - 0x00007ffb5c5fc000 	C:\windows\system32\NLAapi.dll
0x00007ffb50000000 - 0x00007ffb50015000 	C:\windows\system32\wshbth.dll

dbghelp: loaded successfully - version: 4.0.5 - missing functions: none
symbol engine: initialized successfully - sym options: 0x614 - pdb path: .;C:\Program Files\Android\Android Studio\jre\bin;C:\windows\SYSTEM32;C:\windows\WinSxS\amd64_microsoft.windows.common-controls_6595b64144ccf1df_6.0.18362.1139_none_9e7bf2d3e4605ac6;C:\Program Files\Android\Android Studio\jre\bin\server;C:\UEBA\plugin\Com.Isearch.Func.Java;C:\Users\a84203565\.gradle\native\e1d6ef7f7dcc3fd88c89a11ec53ec762bb8ba0a96d01ffa2cd45eb1d1d8dd5c5\windows-amd64;C:\Users\a84203565\.gradle\native\5664cfc778a61ccfe75a443a1ab52a65af34e5dc3c78e0209fed803814484fcb\windows-amd64;C:\Program Files\Bonjour

VM Arguments:
jvm_args: --add-opens=java.base/java.util=ALL-UNNAMED --add-opens=java.base/java.lang=ALL-UNNAMED --add-opens=java.base/java.lang.invoke=ALL-UNNAMED --add-opens=java.base/java.util=ALL-UNNAMED --add-opens=java.prefs/java.util.prefs=ALL-UNNAMED --add-opens=java.prefs/java.util.prefs=ALL-UNNAMED --add-opens=java.base/java.nio.charset=ALL-UNNAMED --add-opens=java.base/java.net=ALL-UNNAMED --add-opens=java.base/java.util.concurrent.atomic=ALL-UNNAMED -Xmx2048m -Dfile.encoding=UTF-8 -Duser.country=US -Duser.language=en -Duser.variant 
java_command: org.gradle.launcher.daemon.bootstrap.GradleDaemon 7.3.3
java_class_path (initial): C:\Users\a84203565\.gradle\wrapper\dists\gradle-7.3.3-bin\6a41zxkdtcxs8rphpq6y0069z\gradle-7.3.3\lib\gradle-launcher-7.3.3.jar
Launcher Type: SUN_STANDARD

[Global flags]
     intx CICompilerCount                          = 4                                         {product} {ergonomic}
     uint ConcGCThreads                            = 2                                         {product} {ergonomic}
     uint G1ConcRefinementThreads                  = 8                                         {product} {ergonomic}
   size_t G1HeapRegionSize                         = 1048576                                   {product} {ergonomic}
    uintx GCDrainStackTargetSize                   = 64                                        {product} {ergonomic}
   size_t InitialHeapSize                          = 266338304                                 {product} {ergonomic}
   size_t MarkStackSize                            = 4194304                                   {product} {ergonomic}
   size_t MaxHeapSize                              = 2147483648                                {product} {command line}
   size_t MaxNewSize                               = 1287651328                                {product} {ergonomic}
   size_t MinHeapDeltaBytes                        = 1048576                                   {product} {ergonomic}
    uintx NonNMethodCodeHeapSize                   = 5836300                                {pd product} {ergonomic}
    uintx NonProfiledCodeHeapSize                  = 122910970                              {pd product} {ergonomic}
    uintx ProfiledCodeHeapSize                     = 122910970                              {pd product} {ergonomic}
    uintx ReservedCodeCacheSize                    = 251658240                              {pd product} {ergonomic}
     bool SegmentedCodeCache                       = true                                      {product} {ergonomic}
     bool UseCompressedClassPointers               = true                                 {lp64_product} {ergonomic}
     bool UseCompressedOops                        = true                                 {lp64_product} {ergonomic}
     bool UseG1GC                                  = true                                      {product} {ergonomic}
     bool UseLargePagesIndividualAllocation        = false                                  {pd product} {ergonomic}

Logging:
Log output configuration:
 #0: stdout all=warning uptime,level,tags
 #1: stderr all=off uptime,level,tags

Environment Variables:
PATH=C:\Python39\Scripts\;C:\Python39\;C:\windows;C:\windows\system32;C:\windows\System32\Wbem;C:\windows\System32\WindowsPowerShell\v1.0;C:\Windows;C:\Windows\system32;C:\Windows\System32\Wbem;C:\Windows\System32\WindowsPowerShell\v1.0;C:\windows\System32\WindowsPowerShell\v1.0\;C:\windows\System32\OpenSSH\;C:\Program Files\Git\cmd;C:\Users\a00559778\AppData\Local\Android\Sdk\platform-tools;C:\ProgramData\chocolatey\bin;C:\Users\a84203565\Desktop\android-ndk-r23b;C:\Program Files\GitHub CLI\;C:\Users\a84203565\AppData\Local\Microsoft\WindowsApps;C:\Program Files\Huawei\DevEco Studio 3.0.1.822\bin;;C:\Users\a84203565\Desktop\android-ndk-r23b;;C:\Users\a84203565\AppData\Local\Programs\Hyper\resources\bin
USERNAME=a84203565
OS=Windows_NT
PROCESSOR_IDENTIFIER=Intel64 Family 6 Model 142 Stepping 12, GenuineIntel



---------------  S Y S T E M  ---------------

OS: Windows 10 , 64 bit Build 18362 (10.0.18362.1110)
OS uptime: 3 days 19:07 hours

CPU:total 8 (initial active 8) (4 cores per cpu, 2 threads per core) family 6 model 142 stepping 12 microcode 0xb8, cmov, cx8, fxsr, mmx, sse, sse2, sse3, ssse3, sse4.1, sse4.2, popcnt, avx, avx2, aes, clmul, erms, 3dnowpref, lzcnt, ht, tsc, tscinvbit, bmi1, bmi2, adx, fma

Memory: 4k page, system-wide physical 16156M (2862M free)
TotalPageFile size 16156M (AvailPageFile size 11M)
current process WorkingSet (physical memory assigned to process): 621M, peak: 623M
current process commit charge ("private bytes"): 661M, peak: 664M

vm_info: OpenJDK 64-Bit Server VM (11.0.12+7-b1504.28-7817840) for windows-amd64 JRE (11.0.12+7-b1504.28-7817840), built on Oct 13 2021 22:12:33 by "builder" with MS VC++ 14.0 (VS2015)

END.
